#-----------------------------------------------------------
# Vivado v2023.2 (64-bit)
# SW Build 4029153 on Fri Oct 13 20:13:54 MDT 2023
# IP Build 4028589 on Sat Oct 14 00:45:43 MDT 2023
# SharedData Build 4025554 on Tue Oct 10 17:18:54 MDT 2023
# Start of session at: Sun Apr 27 23:51:27 2025
# Process ID: 3667
# Current directory: /scratch/asicfab/a/vkevat/Design-and-Implementation-of-8x8-Systolic-Array/Pre-Synthesis_Simulation
# Command line: vivado
# Log file: /scratch/asicfab/a/vkevat/Design-and-Implementation-of-8x8-Systolic-Array/Pre-Synthesis_Simulation/vivado.log
# Journal file: /scratch/asicfab/a/vkevat/Design-and-Implementation-of-8x8-Systolic-Array/Pre-Synthesis_Simulation/vivado.jou
# Running On: asicfab.ecn.purdue.edu, OS: Linux, CPU Frequency: 2295.805 MHz, CPU Physical cores: 32, Host memory: 269942 MB
#-----------------------------------------------------------
start_gui
WARNING: [Board 49-26] cannot add Board Part xilinx.com:vek280_es:part0:1.0 available at /package/eda/xilinx/Vivado/2023.2/data/xhub/boards/XilinxBoardStore/boards/Xilinx/vek280/es/rev_a/1.0/board.xml as part xcve2802-vsvh1760-2lp-e-s-es1 specified in board_part file is either invalid or not available
WARNING: [Board 49-26] cannot add Board Part xilinx.com:vek280_es:part0:1.1 available at /package/eda/xilinx/Vivado/2023.2/data/xhub/boards/XilinxBoardStore/boards/Xilinx/vek280/es/rev_a/1.1/board.xml as part xcve2802-vsvh1760-2lp-e-s-es1 specified in board_part file is either invalid or not available
WARNING: [Board 49-26] cannot add Board Part xilinx.com:vek280_es_revb:part0:1.0 available at /package/eda/xilinx/Vivado/2023.2/data/xhub/boards/XilinxBoardStore/boards/Xilinx/vek280/es/rev_b/1.0/board.xml as part xcve2802-vsvh1760-2mp-e-s-es1 specified in board_part file is either invalid or not available
WARNING: [Board 49-26] cannot add Board Part xilinx.com:vek280_es_revb:part0:1.1 available at /package/eda/xilinx/Vivado/2023.2/data/xhub/boards/XilinxBoardStore/boards/Xilinx/vek280/es/rev_b/1.1/board.xml as part xcve2802-vsvh1760-2mp-e-s-es1 specified in board_part file is either invalid or not available
WARNING: [Board 49-26] cannot add Board Part xilinx.com:vhk158_es:part0:1.0 available at /package/eda/xilinx/Vivado/2023.2/data/xhub/boards/XilinxBoardStore/boards/Xilinx/vhk158/es/1.0/board.xml as part xcvh1582-vsva3697-2mp-e-s-es1 specified in board_part file is either invalid or not available
WARNING: [Board 49-26] cannot add Board Part xilinx.com:vhk158_es:part0:1.1 available at /package/eda/xilinx/Vivado/2023.2/data/xhub/boards/XilinxBoardStore/boards/Xilinx/vhk158/es/1.1/board.xml as part xcvh1582-vsva3697-2mp-e-s-es1 specified in board_part file is either invalid or not available
WARNING: [Board 49-26] cannot add Board Part xilinx.com:zcu208ld:part0:2.0 available at /package/eda/xilinx/Vivado/2023.2/data/xhub/boards/XilinxBoardStore/boards/Xilinx/zcu208ld/production/2.0/board.xml as part xczu58dr-fsvg1517-2-i specified in board_part file is either invalid or not available
WARNING: [Board 49-26] cannot add Board Part xilinx.com:zcu216ld:part0:2.0 available at /package/eda/xilinx/Vivado/2023.2/data/xhub/boards/XilinxBoardStore/boards/Xilinx/zcu216ld/production/2.0/board.xml as part xczu59dr-ffvf1760-2-i specified in board_part file is either invalid or not available
WARNING: [Board 49-26] cannot add Board Part xilinx.com:zcu670:part0:2.0 available at /package/eda/xilinx/Vivado/2023.2/data/xhub/boards/XilinxBoardStore/boards/Xilinx/zcu670/2.0/board.xml as part xczu67dr-fsve1156-2-i specified in board_part file is either invalid or not available
WARNING: [Board 49-26] cannot add Board Part xilinx.com:zcu670ld:part0:1.0 available at /package/eda/xilinx/Vivado/2023.2/data/xhub/boards/XilinxBoardStore/boards/Xilinx/zcu670ld/1.0/board.xml as part xczu57dr-fsve1156-2-i specified in board_part file is either invalid or not available
open_project /scratch/asicfab/a/vkevat/Design-and-Implementation-of-8x8-Systolic-Array/Pre-Synthesis_Simulation/vivado_simulation/vivado_simulation.xpr
INFO: [Project 1-313] Project file moved from '/scratch/asicfab/a/vkevat/systolic_design/Pre-Synthesis_Simulation/vivado_simulation' since last save.
INFO: [filemgmt 56-3] Default IP Output Path : Could not find the directory '/scratch/asicfab/a/vkevat/Design-and-Implementation-of-8x8-Systolic-Array/Pre-Synthesis_Simulation/vivado_simulation/vivado_simulation.gen/sources_1'.
Scanning sources...
Finished scanning sources
INFO: [IP_Flow 19-234] Refreshing IP repositories
INFO: [IP_Flow 19-1704] No user IP repositories specified
INFO: [IP_Flow 19-2313] Loaded Vivado IP repository '/package/eda/xilinx/Vivado/2023.2/data/ip'.
update_compile_order -fileset sources_1
launch_simulation
Command: launch_simulation 
INFO: [Vivado 12-12493] Simulation top is 'test_tpu'
INFO: [Vivado 12-5682] Launching behavioral simulation in '/scratch/asicfab/a/vkevat/Design-and-Implementation-of-8x8-Systolic-Array/Pre-Synthesis_Simulation/vivado_simulation/vivado_simulation.sim/sim_1/behav/xsim'
INFO: [SIM-utils-51] Simulation object is 'sim_1'
INFO: [SIM-utils-72] Using boost library from '/package/eda/xilinx/Vivado/2023.2/tps/boost_1_72_0'
INFO: [SIM-utils-54] Inspecting design source files for 'test_tpu' in fileset 'sim_1'...
INFO: [USF-XSim-97] Finding global include files...
INFO: [USF-XSim-98] Fetching design files from 'sim_1'...
INFO: [USF-XSim-2] XSim::Compile design
INFO: [USF-XSim-61] Executing 'COMPILE and ANALYZE' step in '/scratch/asicfab/a/vkevat/Design-and-Implementation-of-8x8-Systolic-Array/Pre-Synthesis_Simulation/vivado_simulation/vivado_simulation.sim/sim_1/behav/xsim'
xvlog --incr --relax -prj test_tpu_vlog.prj
INFO: [VRFC 10-2263] Analyzing Verilog file "/scratch/asicfab/a/vkevat/Design-and-Implementation-of-8x8-Systolic-Array/Pre-Synthesis_Simulation/addr_sel.v" into library xil_defaultlib
INFO: [VRFC 10-311] analyzing module addr_sel
INFO: [VRFC 10-2263] Analyzing Verilog file "/scratch/asicfab/a/vkevat/Design-and-Implementation-of-8x8-Systolic-Array/Pre-Synthesis_Simulation/quantize.v" into library xil_defaultlib
INFO: [VRFC 10-311] analyzing module quantize
INFO: [VRFC 10-2263] Analyzing Verilog file "/scratch/asicfab/a/vkevat/Design-and-Implementation-of-8x8-Systolic-Array/Pre-Synthesis_Simulation/sram_128x32b.v" into library xil_defaultlib
INFO: [VRFC 10-311] analyzing module sram_128x32b
INFO: [VRFC 10-2263] Analyzing Verilog file "/scratch/asicfab/a/vkevat/Design-and-Implementation-of-8x8-Systolic-Array/Pre-Synthesis_Simulation/sram_16x128b.v" into library xil_defaultlib
INFO: [VRFC 10-311] analyzing module sram_16x128b
INFO: [VRFC 10-2263] Analyzing Verilog file "/scratch/asicfab/a/vkevat/Design-and-Implementation-of-8x8-Systolic-Array/Pre-Synthesis_Simulation/systolic.v" into library xil_defaultlib
INFO: [VRFC 10-311] analyzing module systolic
INFO: [VRFC 10-2263] Analyzing Verilog file "/scratch/asicfab/a/vkevat/Design-and-Implementation-of-8x8-Systolic-Array/Pre-Synthesis_Simulation/systolic_controll.v" into library xil_defaultlib
INFO: [VRFC 10-311] analyzing module systolic_controll
INFO: [VRFC 10-2263] Analyzing Verilog file "/scratch/asicfab/a/vkevat/Design-and-Implementation-of-8x8-Systolic-Array/Pre-Synthesis_Simulation/tpu_top.v" into library xil_defaultlib
INFO: [VRFC 10-311] analyzing module tpu_top
INFO: [VRFC 10-2263] Analyzing Verilog file "/scratch/asicfab/a/vkevat/Design-and-Implementation-of-8x8-Systolic-Array/Pre-Synthesis_Simulation/write_out.v" into library xil_defaultlib
INFO: [VRFC 10-311] analyzing module write_out
INFO: [VRFC 10-2263] Analyzing Verilog file "/scratch/asicfab/a/vkevat/Design-and-Implementation-of-8x8-Systolic-Array/Pre-Synthesis_Simulation/test_tpu.v" into library xil_defaultlib
INFO: [VRFC 10-311] analyzing module test_tpu
INFO: [VRFC 10-2263] Analyzing Verilog file "/scratch/asicfab/a/vkevat/Design-and-Implementation-of-8x8-Systolic-Array/Pre-Synthesis_Simulation/vivado_simulation/vivado_simulation.sim/sim_1/behav/xsim/glbl.v" into library xil_defaultlib
INFO: [VRFC 10-311] analyzing module glbl
Waiting for jobs to finish...
No pending jobs, compilation finished.
INFO: [USF-XSim-69] 'compile' step finished in '2' seconds
INFO: [USF-XSim-3] XSim::Elaborate design
INFO: [USF-XSim-61] Executing 'ELABORATE' step in '/scratch/asicfab/a/vkevat/Design-and-Implementation-of-8x8-Systolic-Array/Pre-Synthesis_Simulation/vivado_simulation/vivado_simulation.sim/sim_1/behav/xsim'
xelab --incr --debug typical --relax --mt 8 -L xil_defaultlib -L unisims_ver -L unimacro_ver -L secureip --snapshot test_tpu_behav xil_defaultlib.test_tpu xil_defaultlib.glbl -log elaborate.log
Vivado Simulator v2023.2
Copyright 1986-2022 Xilinx, Inc. All Rights Reserved.
Copyright 2022-2023 Advanced Micro Devices, Inc. All Rights Reserved.
Running: /package/eda/xilinx/Vivado/2023.2/bin/unwrapped/lnx64.o/xelab --incr --debug typical --relax --mt 8 -L xil_defaultlib -L unisims_ver -L unimacro_ver -L secureip --snapshot test_tpu_behav xil_defaultlib.test_tpu xil_defaultlib.glbl -log elaborate.log 
Using 8 slave threads.
Starting static elaboration
Pass Through NonSizing Optimizer
Completed static elaboration
Starting simulation data flow analysis
WARNING: [XSIM 43-4099] "/scratch/asicfab/a/vkevat/Design-and-Implementation-of-8x8-Systolic-Array/Pre-Synthesis_Simulation/tpu_top.v" Line 1. Module tpu_top_default doesn't have a timescale but at least one module in design has a timescale.
WARNING: [XSIM 43-4099] "/scratch/asicfab/a/vkevat/Design-and-Implementation-of-8x8-Systolic-Array/Pre-Synthesis_Simulation/addr_sel.v" Line 4. Module addr_sel doesn't have a timescale but at least one module in design has a timescale.
WARNING: [XSIM 43-4099] "/scratch/asicfab/a/vkevat/Design-and-Implementation-of-8x8-Systolic-Array/Pre-Synthesis_Simulation/quantize.v" Line 3. Module quantize_default doesn't have a timescale but at least one module in design has a timescale.
WARNING: [XSIM 43-4099] "/scratch/asicfab/a/vkevat/Design-and-Implementation-of-8x8-Systolic-Array/Pre-Synthesis_Simulation/systolic.v" Line 4. Module systolic_default doesn't have a timescale but at least one module in design has a timescale.
WARNING: [XSIM 43-4099] "/scratch/asicfab/a/vkevat/Design-and-Implementation-of-8x8-Systolic-Array/Pre-Synthesis_Simulation/systolic_controll.v" Line 3. Module systolic_controll doesn't have a timescale but at least one module in design has a timescale.
WARNING: [XSIM 43-4099] "/scratch/asicfab/a/vkevat/Design-and-Implementation-of-8x8-Systolic-Array/Pre-Synthesis_Simulation/write_out.v" Line 3. Module write_out_default doesn't have a timescale but at least one module in design has a timescale.
WARNING: [XSIM 43-4099] "/scratch/asicfab/a/vkevat/Design-and-Implementation-of-8x8-Systolic-Array/Pre-Synthesis_Simulation/sram_128x32b.v" Line 2. Module sram_128x32b doesn't have a timescale but at least one module in design has a timescale.
WARNING: [XSIM 43-4099] "/scratch/asicfab/a/vkevat/Design-and-Implementation-of-8x8-Systolic-Array/Pre-Synthesis_Simulation/sram_128x32b.v" Line 2. Module sram_128x32b doesn't have a timescale but at least one module in design has a timescale.
WARNING: [XSIM 43-4099] "/scratch/asicfab/a/vkevat/Design-and-Implementation-of-8x8-Systolic-Array/Pre-Synthesis_Simulation/sram_128x32b.v" Line 2. Module sram_128x32b doesn't have a timescale but at least one module in design has a timescale.
WARNING: [XSIM 43-4099] "/scratch/asicfab/a/vkevat/Design-and-Implementation-of-8x8-Systolic-Array/Pre-Synthesis_Simulation/sram_128x32b.v" Line 2. Module sram_128x32b doesn't have a timescale but at least one module in design has a timescale.
WARNING: [XSIM 43-4099] "/scratch/asicfab/a/vkevat/Design-and-Implementation-of-8x8-Systolic-Array/Pre-Synthesis_Simulation/sram_16x128b.v" Line 3. Module sram_16x128b doesn't have a timescale but at least one module in design has a timescale.
WARNING: [XSIM 43-4099] "/scratch/asicfab/a/vkevat/Design-and-Implementation-of-8x8-Systolic-Array/Pre-Synthesis_Simulation/sram_16x128b.v" Line 3. Module sram_16x128b doesn't have a timescale but at least one module in design has a timescale.
WARNING: [XSIM 43-4099] "/scratch/asicfab/a/vkevat/Design-and-Implementation-of-8x8-Systolic-Array/Pre-Synthesis_Simulation/sram_16x128b.v" Line 3. Module sram_16x128b doesn't have a timescale but at least one module in design has a timescale.
WARNING: [XSIM 43-4099] "/scratch/asicfab/a/vkevat/Design-and-Implementation-of-8x8-Systolic-Array/Pre-Synthesis_Simulation/tpu_top.v" Line 1. Module tpu_top_default doesn't have a timescale but at least one module in design has a timescale.
WARNING: [XSIM 43-4099] "/scratch/asicfab/a/vkevat/Design-and-Implementation-of-8x8-Systolic-Array/Pre-Synthesis_Simulation/addr_sel.v" Line 4. Module addr_sel doesn't have a timescale but at least one module in design has a timescale.
WARNING: [XSIM 43-4099] "/scratch/asicfab/a/vkevat/Design-and-Implementation-of-8x8-Systolic-Array/Pre-Synthesis_Simulation/quantize.v" Line 3. Module quantize_default doesn't have a timescale but at least one module in design has a timescale.
WARNING: [XSIM 43-4099] "/scratch/asicfab/a/vkevat/Design-and-Implementation-of-8x8-Systolic-Array/Pre-Synthesis_Simulation/systolic.v" Line 4. Module systolic_default doesn't have a timescale but at least one module in design has a timescale.
WARNING: [XSIM 43-4099] "/scratch/asicfab/a/vkevat/Design-and-Implementation-of-8x8-Systolic-Array/Pre-Synthesis_Simulation/systolic_controll.v" Line 3. Module systolic_controll doesn't have a timescale but at least one module in design has a timescale.
WARNING: [XSIM 43-4099] "/scratch/asicfab/a/vkevat/Design-and-Implementation-of-8x8-Systolic-Array/Pre-Synthesis_Simulation/write_out.v" Line 3. Module write_out_default doesn't have a timescale but at least one module in design has a timescale.
WARNING: [XSIM 43-4099] "/scratch/asicfab/a/vkevat/Design-and-Implementation-of-8x8-Systolic-Array/Pre-Synthesis_Simulation/sram_128x32b.v" Line 2. Module sram_128x32b doesn't have a timescale but at least one module in design has a timescale.
WARNING: [XSIM 43-4099] "/scratch/asicfab/a/vkevat/Design-and-Implementation-of-8x8-Systolic-Array/Pre-Synthesis_Simulation/sram_128x32b.v" Line 2. Module sram_128x32b doesn't have a timescale but at least one module in design has a timescale.
WARNING: [XSIM 43-4099] "/scratch/asicfab/a/vkevat/Design-and-Implementation-of-8x8-Systolic-Array/Pre-Synthesis_Simulation/sram_128x32b.v" Line 2. Module sram_128x32b doesn't have a timescale but at least one module in design has a timescale.
WARNING: [XSIM 43-4099] "/scratch/asicfab/a/vkevat/Design-and-Implementation-of-8x8-Systolic-Array/Pre-Synthesis_Simulation/sram_128x32b.v" Line 2. Module sram_128x32b doesn't have a timescale but at least one module in design has a timescale.
WARNING: [XSIM 43-4099] "/scratch/asicfab/a/vkevat/Design-and-Implementation-of-8x8-Systolic-Array/Pre-Synthesis_Simulation/sram_16x128b.v" Line 3. Module sram_16x128b doesn't have a timescale but at least one module in design has a timescale.
WARNING: [XSIM 43-4099] "/scratch/asicfab/a/vkevat/Design-and-Implementation-of-8x8-Systolic-Array/Pre-Synthesis_Simulation/sram_16x128b.v" Line 3. Module sram_16x128b doesn't have a timescale but at least one module in design has a timescale.
WARNING: [XSIM 43-4099] "/scratch/asicfab/a/vkevat/Design-and-Implementation-of-8x8-Systolic-Array/Pre-Synthesis_Simulation/sram_16x128b.v" Line 3. Module sram_16x128b doesn't have a timescale but at least one module in design has a timescale.
Completed simulation data flow analysis
Time Resolution for simulation is 1ps
Compiling module xil_defaultlib.addr_sel
Compiling module xil_defaultlib.quantize_default
Compiling module xil_defaultlib.systolic_default
Compiling module xil_defaultlib.systolic_controll
Compiling module xil_defaultlib.write_out_default
Compiling module xil_defaultlib.tpu_top_default
Compiling module xil_defaultlib.sram_128x32b
Compiling module xil_defaultlib.sram_16x128b
Compiling module xil_defaultlib.test_tpu
Compiling module xil_defaultlib.glbl
Built simulation snapshot test_tpu_behav
INFO: [USF-XSim-69] 'elaborate' step finished in '4' seconds
INFO: [USF-XSim-4] XSim::Simulate design
INFO: [USF-XSim-61] Executing 'SIMULATE' step in '/scratch/asicfab/a/vkevat/Design-and-Implementation-of-8x8-Systolic-Array/Pre-Synthesis_Simulation/vivado_simulation/vivado_simulation.sim/sim_1/behav/xsim'
INFO: [USF-XSim-98] *** Running xsim
   with args "test_tpu_behav -key {Behavioral:sim_1:Functional:test_tpu} -tclbatch {test_tpu.tcl} -log {simulate.log}"
INFO: [USF-XSim-8] Loading simulator feature
Time resolution is 1 ps
source test_tpu.tcl
# set curr_wave [current_wave_config]
# if { [string length $curr_wave] == 0 } {
#   if { [llength [get_objects]] > 0} {
#     add_wave /
#     set_property needs_save false [current_wave_config]
#   } else {
#      send_msg_id Add_Wave-1 WARNING "No top level signals found. Simulator will start without a wave window. If you want to open a wave window go to 'File->New Waveform Configuration' or type 'create_wave_config' in the TCL console."
#   }
# }
# run 1000ns
WARNING: File ./mat1.txt referenced on /scratch/asicfab/a/vkevat/Design-and-Implementation-of-8x8-Systolic-Array/Pre-Synthesis_Simulation/test_tpu.v at line 124 cannot be opened for reading. Please ensure that this file is available in the current working directory or parent directory of xsim.dir location specified via -xsimdir switch.
WARNING: File ./mat2.txt referenced on /scratch/asicfab/a/vkevat/Design-and-Implementation-of-8x8-Systolic-Array/Pre-Synthesis_Simulation/test_tpu.v at line 124 cannot be opened for reading. Please ensure that this file is available in the current working directory or parent directory of xsim.dir location specified via -xsimdir switch.
WARNING: File ./golden1.txt referenced on /scratch/asicfab/a/vkevat/Design-and-Implementation-of-8x8-Systolic-Array/Pre-Synthesis_Simulation/test_tpu.v at line 124 cannot be opened for reading. Please ensure that this file is available in the current working directory or parent directory of xsim.dir location specified via -xsimdir switch.
WARNING: File ./golden2.txt referenced on /scratch/asicfab/a/vkevat/Design-and-Implementation-of-8x8-Systolic-Array/Pre-Synthesis_Simulation/test_tpu.v at line 124 cannot be opened for reading. Please ensure that this file is available in the current working directory or parent directory of xsim.dir location specified via -xsimdir switch.
WARNING: File ./golden3.txt referenced on /scratch/asicfab/a/vkevat/Design-and-Implementation-of-8x8-Systolic-Array/Pre-Synthesis_Simulation/test_tpu.v at line 124 cannot be opened for reading. Please ensure that this file is available in the current working directory or parent directory of xsim.dir location specified via -xsimdir switch.
SRAM a0!!!!
SRAM at address   0 is 
   x    0    0    0  
SRAM at address   1 is 
   x    x    0    0  
SRAM at address   2 is 
   x    x    x    0  
SRAM at address   3 is 
   x    x    x    x  
SRAM at address   4 is 
   x    x    x    x  
SRAM at address   5 is 
   x    x    x    x  
SRAM at address   6 is 
   x    x    x    x  
SRAM at address   7 is 
   x    x    x    x  
SRAM at address   8 is 
   x    x    x    x  
SRAM at address   9 is 
   x    x    x    x  
SRAM at address  10 is 
   x    x    x    x  
SRAM at address  11 is 
   x    x    x    x  
SRAM at address  12 is 
   x    x    x    x  
SRAM at address  13 is 
   x    x    x    x  
SRAM at address  14 is 
   x    x    x    x  
SRAM at address  15 is 
   x    x    x    x  
SRAM at address  16 is 
   x    x    x    x  
SRAM at address  17 is 
   x    x    x    x  
SRAM at address  18 is 
   x    x    x    x  
SRAM at address  19 is 
   x    x    x    x  
SRAM at address  20 is 
   x    x    x    x  
SRAM at address  21 is 
   x    x    x    x  
SRAM at address  22 is 
   x    x    x    x  
SRAM at address  23 is 
   x    x    x    x  
SRAM at address  24 is 
   0    x    x    x  
SRAM at address  25 is 
   0    0    x    x  
SRAM at address  26 is 
   0    0    0    x  
SRAM at address  27 is 
   0    0    0    0  
SRAM at address  28 is 
   0    0    0    0  
SRAM at address  29 is 
   0    0    0    0  
SRAM at address  30 is 
   0    0    0    0  
SRAM at address  31 is 
   0    0    0    0  
SRAM at address  32 is 
   0    0    0    0  
SRAM at address  33 is 
   0    0    0    0  
SRAM at address  34 is 
   0    0    0    0  
SRAM at address  35 is 
   0    0    0    0  
SRAM at address  36 is 
   0    0    0    0  
SRAM at address  37 is 
   0    0    0    0  
SRAM at address  38 is 
   0    0    0    0  
SRAM at address  39 is 
   0    0    0    0  
SRAM at address  40 is 
   0    0    0    0  
SRAM at address  41 is 
   0    0    0    0  
SRAM at address  42 is 
   0    0    0    0  
SRAM at address  43 is 
   0    0    0    0  
SRAM at address  44 is 
   0    0    0    0  
SRAM at address  45 is 
   0    0    0    0  
SRAM at address  46 is 
   0    0    0    0  
SRAM at address  47 is 
   0    0    0    0  
SRAM at address  48 is 
   0    0    0    0  
SRAM at address  49 is 
   0    0    0    0  
SRAM at address  50 is 
   0    0    0    0  
SRAM at address  51 is 
   0    0    0    0  
SRAM at address  52 is 
   0    0    0    0  
SRAM at address  53 is 
   0    0    0    0  
SRAM at address  54 is 
   0    0    0    0  
SRAM at address  55 is 
   0    0    0    0  
SRAM at address  56 is 
   0    0    0    0  
SRAM at address  57 is 
   0    0    0    0  
SRAM at address  58 is 
   0    0    0    0  
SRAM at address  59 is 
   0    0    0    0  
SRAM at address  60 is 
   0    0    0    0  
SRAM at address  61 is 
   0    0    0    0  
SRAM at address  62 is 
   0    0    0    0  
SRAM at address  63 is 
   0    0    0    0  
SRAM at address  64 is 
   0    0    0    0  
SRAM at address  65 is 
   0    0    0    0  
SRAM at address  66 is 
   0    0    0    0  
SRAM at address  67 is 
   0    0    0    0  
SRAM at address  68 is 
   0    0    0    0  
SRAM at address  69 is 
   0    0    0    0  
SRAM at address  70 is 
   0    0    0    0  
SRAM at address  71 is 
   0    0    0    0  
SRAM at address  72 is 
   0    0    0    0  
SRAM at address  73 is 
   0    0    0    0  
SRAM at address  74 is 
   0    0    0    0  
SRAM at address  75 is 
   0    0    0    0  
SRAM at address  76 is 
   0    0    0    0  
SRAM at address  77 is 
   0    0    0    0  
SRAM at address  78 is 
   0    0    0    0  
SRAM at address  79 is 
   0    0    0    0  
SRAM at address  80 is 
   0    0    0    0  
SRAM at address  81 is 
   0    0    0    0  
SRAM at address  82 is 
   0    0    0    0  
SRAM at address  83 is 
   0    0    0    0  
SRAM at address  84 is 
   0    0    0    0  
SRAM at address  85 is 
   0    0    0    0  
SRAM at address  86 is 
   0    0    0    0  
SRAM at address  87 is 
   0    0    0    0  
SRAM at address  88 is 
   0    0    0    0  
SRAM at address  89 is 
   0    0    0    0  
SRAM at address  90 is 
   0    0    0    0  
SRAM at address  91 is 
   0    0    0    0  
SRAM at address  92 is 
   0    0    0    0  
SRAM at address  93 is 
   0    0    0    0  
SRAM at address  94 is 
   0    0    0    0  
SRAM at address  95 is 
   0    0    0    0  
SRAM at address  96 is 
   0    0    0    0  
SRAM at address  97 is 
   0    0    0    0  
SRAM at address  98 is 
   0    0    0    0  
SRAM at address  99 is 
   0    0    0    0  
SRAM at address 100 is 
   0    0    0    0  
SRAM at address 101 is 
   0    0    0    0  
SRAM at address 102 is 
   0    0    0    0  
SRAM at address 103 is 
   0    0    0    0  
SRAM at address 104 is 
   0    0    0    0  
SRAM at address 105 is 
   0    0    0    0  
SRAM at address 106 is 
   0    0    0    0  
SRAM at address 107 is 
   0    0    0    0  
SRAM at address 108 is 
   0    0    0    0  
SRAM at address 109 is 
   0    0    0    0  
SRAM at address 110 is 
   0    0    0    0  
SRAM at address 111 is 
   0    0    0    0  
SRAM at address 112 is 
   0    0    0    0  
SRAM at address 113 is 
   0    0    0    0  
SRAM at address 114 is 
   0    0    0    0  
SRAM at address 115 is 
   0    0    0    0  
SRAM at address 116 is 
   0    0    0    0  
SRAM at address 117 is 
   0    0    0    0  
SRAM at address 118 is 
   0    0    0    0  
SRAM at address 119 is 
   0    0    0    0  
SRAM at address 120 is 
   0    0    0    0  
SRAM at address 121 is 
   0    0    0    0  
SRAM at address 122 is 
   0    0    0    0  
SRAM at address 123 is 
   0    0    0    0  
SRAM at address 124 is 
   0    0    0    0  
SRAM at address 125 is 
   0    0    0    0  
SRAM at address 126 is 
   0    0    0    0  
SRAM at address 127 is 
   0    0    0    0  
SRAM b0!!!!
SRAM at address   0 is 
   x    0    0    0  
SRAM at address   1 is 
   x    x    0    0  
SRAM at address   2 is 
   x    x    x    0  
SRAM at address   3 is 
   x    x    x    x  
SRAM at address   4 is 
   x    x    x    x  
SRAM at address   5 is 
   x    x    x    x  
SRAM at address   6 is 
   x    x    x    x  
SRAM at address   7 is 
   x    x    x    x  
SRAM at address   8 is 
   x    x    x    x  
SRAM at address   9 is 
   x    x    x    x  
SRAM at address  10 is 
   x    x    x    x  
SRAM at address  11 is 
   x    x    x    x  
SRAM at address  12 is 
   x    x    x    x  
SRAM at address  13 is 
   x    x    x    x  
SRAM at address  14 is 
   x    x    x    x  
SRAM at address  15 is 
   x    x    x    x  
SRAM at address  16 is 
   x    x    x    x  
SRAM at address  17 is 
   x    x    x    x  
SRAM at address  18 is 
   x    x    x    x  
SRAM at address  19 is 
   x    x    x    x  
SRAM at address  20 is 
   x    x    x    x  
SRAM at address  21 is 
   x    x    x    x  
SRAM at address  22 is 
   x    x    x    x  
SRAM at address  23 is 
   x    x    x    x  
SRAM at address  24 is 
   0    x    x    x  
SRAM at address  25 is 
   0    0    x    x  
SRAM at address  26 is 
   0    0    0    x  
SRAM at address  27 is 
   0    0    0    0  
SRAM at address  28 is 
   0    0    0    0  
SRAM at address  29 is 
   0    0    0    0  
SRAM at address  30 is 
   0    0    0    0  
SRAM at address  31 is 
   0    0    0    0  
SRAM at address  32 is 
   0    0    0    0  
SRAM at address  33 is 
   0    0    0    0  
SRAM at address  34 is 
   0    0    0    0  
SRAM at address  35 is 
   0    0    0    0  
SRAM at address  36 is 
   0    0    0    0  
SRAM at address  37 is 
   0    0    0    0  
SRAM at address  38 is 
   0    0    0    0  
SRAM at address  39 is 
   0    0    0    0  
SRAM at address  40 is 
   0    0    0    0  
SRAM at address  41 is 
   0    0    0    0  
SRAM at address  42 is 
   0    0    0    0  
SRAM at address  43 is 
   0    0    0    0  
SRAM at address  44 is 
   0    0    0    0  
SRAM at address  45 is 
   0    0    0    0  
SRAM at address  46 is 
   0    0    0    0  
SRAM at address  47 is 
   0    0    0    0  
SRAM at address  48 is 
   0    0    0    0  
SRAM at address  49 is 
   0    0    0    0  
SRAM at address  50 is 
   0    0    0    0  
SRAM at address  51 is 
   0    0    0    0  
SRAM at address  52 is 
   0    0    0    0  
SRAM at address  53 is 
   0    0    0    0  
SRAM at address  54 is 
   0    0    0    0  
SRAM at address  55 is 
   0    0    0    0  
SRAM at address  56 is 
   0    0    0    0  
SRAM at address  57 is 
   0    0    0    0  
SRAM at address  58 is 
   0    0    0    0  
SRAM at address  59 is 
   0    0    0    0  
SRAM at address  60 is 
   0    0    0    0  
SRAM at address  61 is 
   0    0    0    0  
SRAM at address  62 is 
   0    0    0    0  
SRAM at address  63 is 
   0    0    0    0  
SRAM at address  64 is 
   0    0    0    0  
SRAM at address  65 is 
   0    0    0    0  
SRAM at address  66 is 
   0    0    0    0  
SRAM at address  67 is 
   0    0    0    0  
SRAM at address  68 is 
   0    0    0    0  
SRAM at address  69 is 
   0    0    0    0  
SRAM at address  70 is 
   0    0    0    0  
SRAM at address  71 is 
   0    0    0    0  
SRAM at address  72 is 
   0    0    0    0  
SRAM at address  73 is 
   0    0    0    0  
SRAM at address  74 is 
   0    0    0    0  
SRAM at address  75 is 
   0    0    0    0  
SRAM at address  76 is 
   0    0    0    0  
SRAM at address  77 is 
   0    0    0    0  
SRAM at address  78 is 
   0    0    0    0  
SRAM at address  79 is 
   0    0    0    0  
SRAM at address  80 is 
   0    0    0    0  
SRAM at address  81 is 
   0    0    0    0  
SRAM at address  82 is 
   0    0    0    0  
SRAM at address  83 is 
   0    0    0    0  
SRAM at address  84 is 
   0    0    0    0  
SRAM at address  85 is 
   0    0    0    0  
SRAM at address  86 is 
   0    0    0    0  
SRAM at address  87 is 
   0    0    0    0  
SRAM at address  88 is 
   0    0    0    0  
SRAM at address  89 is 
   0    0    0    0  
SRAM at address  90 is 
   0    0    0    0  
SRAM at address  91 is 
   0    0    0    0  
SRAM at address  92 is 
   0    0    0    0  
SRAM at address  93 is 
   0    0    0    0  
SRAM at address  94 is 
   0    0    0    0  
SRAM at address  95 is 
   0    0    0    0  
SRAM at address  96 is 
   0    0    0    0  
SRAM at address  97 is 
   0    0    0    0  
SRAM at address  98 is 
   0    0    0    0  
SRAM at address  99 is 
   0    0    0    0  
SRAM at address 100 is 
   0    0    0    0  
SRAM at address 101 is 
   0    0    0    0  
SRAM at address 102 is 
   0    0    0    0  
SRAM at address 103 is 
   0    0    0    0  
SRAM at address 104 is 
   0    0    0    0  
SRAM at address 105 is 
   0    0    0    0  
SRAM at address 106 is 
   0    0    0    0  
SRAM at address 107 is 
   0    0    0    0  
SRAM at address 108 is 
   0    0    0    0  
SRAM at address 109 is 
   0    0    0    0  
SRAM at address 110 is 
   0    0    0    0  
SRAM at address 111 is 
   0    0    0    0  
SRAM at address 112 is 
   0    0    0    0  
SRAM at address 113 is 
   0    0    0    0  
SRAM at address 114 is 
   0    0    0    0  
SRAM at address 115 is 
   0    0    0    0  
SRAM at address 116 is 
   0    0    0    0  
SRAM at address 117 is 
   0    0    0    0  
SRAM at address 118 is 
   0    0    0    0  
SRAM at address 119 is 
   0    0    0    0  
SRAM at address 120 is 
   0    0    0    0  
SRAM at address 121 is 
   0    0    0    0  
SRAM at address 122 is 
   0    0    0    0  
SRAM at address 123 is 
   0    0    0    0  
SRAM at address 124 is 
   0    0    0    0  
SRAM at address 125 is 
   0    0    0    0  
SRAM at address 126 is 
   0    0    0    0  
SRAM at address 127 is 
   0    0    0    0  
Here shows the trans_golden1!!!
     x      0      0      0      0      0      0      0 

     x      x      0      0      0      0      0      0 

     x      x      x      0      0      0      0      0 

     x      x      x      x      0      0      0      0 

     x      x      x      x      x      0      0      0 

     x      x      x      x      x      x      0      0 

     x      x      x      x      x      x      x      0 

     x      x      x      x      x      x      x      x 

     x      x      x      x      x      x      x      0 

     x      x      x      x      x      x      0      0 

     x      x      x      x      x      0      0      0 

     x      x      x      x      0      0      0      0 

     x      x      x      0      0      0      0      0 

     x      x      0      0      0      0      0      0 

     x      0      0      0      0      0      0      0 

|
Three input groups of matrix
|
------------------------
x x x x x x x x x x x x x x x x x x x x x x x x x x x x x x x x x x x x x x x x x x x x x x x x x x x x x x x x x x x x x x x x 
x x x x x x x x x x x x x x x x x x x x x x x x x x x x x x x x x x x x x x x x x x x x x x x x x x x x x x x x x x x x x x x x 
x x x x x x x x x x x x x x x x x x x x x x x x x x x x x x x x x x x x x x x x x x x x x x x x x x x x x x x x x x x x x x x x 
x x x x x x x x x x x x x x x x x x x x x x x x x x x x x x x x x x x x x x x x x x x x x x x x x x x x x x x x x x x x x x x x 
x x x x x x x x x x x x x x x x x x x x x x x x x x x x x x x x x x x x x x x x x x x x x x x x x x x x x x x x x x x x x x x x 
x x x x x x x x x x x x x x x x x x x x x x x x x x x x x x x x x x x x x x x x x x x x x x x x x x x x x x x x x x x x x x x x 
x x x x x x x x x x x x x x x x x x x x x x x x x x x x x x x x x x x x x x x x x x x x x x x x x x x x x x x x x x x x x x x x 
x x x x x x x x x x x x x x x x x x x x x x x x x x x x x x x x x x x x x x x x x x x x x x x x x x x x x x x x x x x x x x x x 

x x x x x x x x x x x x x x x x x x x x x x x x x x x x x x x x x x x x x x x x x x x x x x x x x x x x x x x x x x x x x x x x 
x x x x x x x x x x x x x x x x x x x x x x x x x x x x x x x x x x x x x x x x x x x x x x x x x x x x x x x x x x x x x x x x 
x x x x x x x x x x x x x x x x x x x x x x x x x x x x x x x x x x x x x x x x x x x x x x x x x x x x x x x x x x x x x x x x 
x x x x x x x x x x x x x x x x x x x x x x x x x x x x x x x x x x x x x x x x x x x x x x x x x x x x x x x x x x x x x x x x 
x x x x x x x x x x x x x x x x x x x x x x x x x x x x x x x x x x x x x x x x x x x x x x x x x x x x x x x x x x x x x x x x 
x x x x x x x x x x x x x x x x x x x x x x x x x x x x x x x x x x x x x x x x x x x x x x x x x x x x x x x x x x x x x x x x 
x x x x x x x x x x x x x x x x x x x x x x x x x x x x x x x x x x x x x x x x x x x x x x x x x x x x x x x x x x x x x x x x 
x x x x x x x x x x x x x x x x x x x x x x x x x x x x x x x x x x x x x x x x x x x x x x x x x x x x x x x x x x x x x x x x 
------------------------

------------------------
x x x x x x x x x x x x x x x x x x x x x x x x x x x x x x x x x x x x x x x x x x x x x x x x x x x x x x x x x x x x x x x x 
x x x x x x x x x x x x x x x x x x x x x x x x x x x x x x x x x x x x x x x x x x x x x x x x x x x x x x x x x x x x x x x x 
x x x x x x x x x x x x x x x x x x x x x x x x x x x x x x x x x x x x x x x x x x x x x x x x x x x x x x x x x x x x x x x x 
x x x x x x x x x x x x x x x x x x x x x x x x x x x x x x x x x x x x x x x x x x x x x x x x x x x x x x x x x x x x x x x x 
x x x x x x x x x x x x x x x x x x x x x x x x x x x x x x x x x x x x x x x x x x x x x x x x x x x x x x x x x x x x x x x x 
x x x x x x x x x x x x x x x x x x x x x x x x x x x x x x x x x x x x x x x x x x x x x x x x x x x x x x x x x x x x x x x x 
x x x x x x x x x x x x x x x x x x x x x x x x x x x x x x x x x x x x x x x x x x x x x x x x x x x x x x x x x x x x x x x x 
x x x x x x x x x x x x x x x x x x x x x x x x x x x x x x x x x x x x x x x x x x x x x x x x x x x x x x x x x x x x x x x x 

x x x x x x x x x x x x x x x x x x x x x x x x x x x x x x x x x x x x x x x x x x x x x x x x x x x x x x x x x x x x x x x x 
x x x x x x x x x x x x x x x x x x x x x x x x x x x x x x x x x x x x x x x x x x x x x x x x x x x x x x x x x x x x x x x x 
x x x x x x x x x x x x x x x x x x x x x x x x x x x x x x x x x x x x x x x x x x x x x x x x x x x x x x x x x x x x x x x x 
x x x x x x x x x x x x x x x x x x x x x x x x x x x x x x x x x x x x x x x x x x x x x x x x x x x x x x x x x x x x x x x x 
x x x x x x x x x x x x x x x x x x x x x x x x x x x x x x x x x x x x x x x x x x x x x x x x x x x x x x x x x x x x x x x x 
x x x x x x x x x x x x x x x x x x x x x x x x x x x x x x x x x x x x x x x x x x x x x x x x x x x x x x x x x x x x x x x x 
x x x x x x x x x x x x x x x x x x x x x x x x x x x x x x x x x x x x x x x x x x x x x x x x x x x x x x x x x x x x x x x x 
x x x x x x x x x x x x x x x x x x x x x x x x x x x x x x x x x x x x x x x x x x x x x x x x x x x x x x x x x x x x x x x x 
------------------------

------------------------
x x x x x x x x x x x x x x x x x x x x x x x x x x x x x x x x x x x x x x x x x x x x x x x x x x x x x x x x x x x x x x x x 
x x x x x x x x x x x x x x x x x x x x x x x x x x x x x x x x x x x x x x x x x x x x x x x x x x x x x x x x x x x x x x x x 
x x x x x x x x x x x x x x x x x x x x x x x x x x x x x x x x x x x x x x x x x x x x x x x x x x x x x x x x x x x x x x x x 
x x x x x x x x x x x x x x x x x x x x x x x x x x x x x x x x x x x x x x x x x x x x x x x x x x x x x x x x x x x x x x x x 
x x x x x x x x x x x x x x x x x x x x x x x x x x x x x x x x x x x x x x x x x x x x x x x x x x x x x x x x x x x x x x x x 
x x x x x x x x x x x x x x x x x x x x x x x x x x x x x x x x x x x x x x x x x x x x x x x x x x x x x x x x x x x x x x x x 
x x x x x x x x x x x x x x x x x x x x x x x x x x x x x x x x x x x x x x x x x x x x x x x x x x x x x x x x x x x x x x x x 
x x x x x x x x x x x x x x x x x x x x x x x x x x x x x x x x x x x x x x x x x x x x x x x x x x x x x x x x x x x x x x x x 

x x x x x x x x x x x x x x x x x x x x x x x x x x x x x x x x x x x x x x x x x x x x x x x x x x x x x x x x x x x x x x x x 
x x x x x x x x x x x x x x x x x x x x x x x x x x x x x x x x x x x x x x x x x x x x x x x x x x x x x x x x x x x x x x x x 
x x x x x x x x x x x x x x x x x x x x x x x x x x x x x x x x x x x x x x x x x x x x x x x x x x x x x x x x x x x x x x x x 
x x x x x x x x x x x x x x x x x x x x x x x x x x x x x x x x x x x x x x x x x x x x x x x x x x x x x x x x x x x x x x x x 
x x x x x x x x x x x x x x x x x x x x x x x x x x x x x x x x x x x x x x x x x x x x x x x x x x x x x x x x x x x x x x x x 
x x x x x x x x x x x x x x x x x x x x x x x x x x x x x x x x x x x x x x x x x x x x x x x x x x x x x x x x x x x x x x x x 
x x x x x x x x x x x x x x x x x x x x x x x x x x x x x x x x x x x x x x x x x x x x x x x x x x x x x x x x x x x x x x x x 
x x x x x x x x x x x x x x x x x x x x x x x x x x x x x x x x x x x x x x x x x x x x x x x x x x x x x x x x x x x x x x x x 
------------------------

You have wrong answer in the sram #c0 !!!

Your answer at address  0 is 
     x      0      0      0      0      0      0      0 
But the golden answer is  
     x      0      0      0      0      0      0      0 
$finish called at time : 460 ns : File "/scratch/asicfab/a/vkevat/Design-and-Implementation-of-8x8-Systolic-Array/Pre-Synthesis_Simulation/test_tpu.v" Line 298
INFO: [USF-XSim-96] XSim completed. Design snapshot 'test_tpu_behav' loaded.
INFO: [USF-XSim-97] XSim simulation ran for 1000ns
launch_simulation: Time (s): cpu = 00:00:12 ; elapsed = 00:00:09 . Memory (MB): peak = 8633.875 ; gain = 341.828 ; free physical = 150645 ; free virtual = 182113
close_sim
INFO: [Simtcl 6-16] Simulation closed
launch_simulation
Command: launch_simulation 
INFO: [Vivado 12-12493] Simulation top is 'test_tpu'
INFO: [Vivado 12-5682] Launching behavioral simulation in '/scratch/asicfab/a/vkevat/Design-and-Implementation-of-8x8-Systolic-Array/Pre-Synthesis_Simulation/vivado_simulation/vivado_simulation.sim/sim_1/behav/xsim'
INFO: [SIM-utils-51] Simulation object is 'sim_1'
INFO: [SIM-utils-72] Using boost library from '/package/eda/xilinx/Vivado/2023.2/tps/boost_1_72_0'
INFO: [SIM-utils-54] Inspecting design source files for 'test_tpu' in fileset 'sim_1'...
INFO: [USF-XSim-97] Finding global include files...
INFO: [USF-XSim-98] Fetching design files from 'sim_1'...
INFO: [USF-XSim-2] XSim::Compile design
INFO: [USF-XSim-61] Executing 'COMPILE and ANALYZE' step in '/scratch/asicfab/a/vkevat/Design-and-Implementation-of-8x8-Systolic-Array/Pre-Synthesis_Simulation/vivado_simulation/vivado_simulation.sim/sim_1/behav/xsim'
xvlog --incr --relax -prj test_tpu_vlog.prj
Waiting for jobs to finish...
No pending jobs, compilation finished.
INFO: [USF-XSim-69] 'compile' step finished in '2' seconds
INFO: [USF-XSim-3] XSim::Elaborate design
INFO: [USF-XSim-61] Executing 'ELABORATE' step in '/scratch/asicfab/a/vkevat/Design-and-Implementation-of-8x8-Systolic-Array/Pre-Synthesis_Simulation/vivado_simulation/vivado_simulation.sim/sim_1/behav/xsim'
xelab --incr --debug typical --relax --mt 8 -L xil_defaultlib -L unisims_ver -L unimacro_ver -L secureip --snapshot test_tpu_behav xil_defaultlib.test_tpu xil_defaultlib.glbl -log elaborate.log
Vivado Simulator v2023.2
Copyright 1986-2022 Xilinx, Inc. All Rights Reserved.
Copyright 2022-2023 Advanced Micro Devices, Inc. All Rights Reserved.
Running: /package/eda/xilinx/Vivado/2023.2/bin/unwrapped/lnx64.o/xelab --incr --debug typical --relax --mt 8 -L xil_defaultlib -L unisims_ver -L unimacro_ver -L secureip --snapshot test_tpu_behav xil_defaultlib.test_tpu xil_defaultlib.glbl -log elaborate.log 
Using 8 slave threads.
Starting static elaboration
Pass Through NonSizing Optimizer
Completed static elaboration
INFO: [XSIM 43-4323] No Change in HDL. Linking previously generated obj files to create kernel
INFO: [USF-XSim-69] 'elaborate' step finished in '2' seconds
INFO: [USF-XSim-4] XSim::Simulate design
INFO: [USF-XSim-61] Executing 'SIMULATE' step in '/scratch/asicfab/a/vkevat/Design-and-Implementation-of-8x8-Systolic-Array/Pre-Synthesis_Simulation/vivado_simulation/vivado_simulation.sim/sim_1/behav/xsim'
INFO: [USF-XSim-98] *** Running xsim
   with args "test_tpu_behav -key {Behavioral:sim_1:Functional:test_tpu} -tclbatch {test_tpu.tcl} -log {simulate.log}"
INFO: [USF-XSim-8] Loading simulator feature
Time resolution is 1 ps
source test_tpu.tcl
# set curr_wave [current_wave_config]
# if { [string length $curr_wave] == 0 } {
#   if { [llength [get_objects]] > 0} {
#     add_wave /
#     set_property needs_save false [current_wave_config]
#   } else {
#      send_msg_id Add_Wave-1 WARNING "No top level signals found. Simulator will start without a wave window. If you want to open a wave window go to 'File->New Waveform Configuration' or type 'create_wave_config' in the TCL console."
#   }
# }
# run 1000ns
SRAM a0!!!!
SRAM at address   0 is 
   1    0    0    0  
SRAM at address   1 is 
   1    1    0    0  
SRAM at address   2 is 
   1    1    1    0  
SRAM at address   3 is 
   1    1    1    1  
SRAM at address   4 is 
   1    1    1    1  
SRAM at address   5 is 
   1    1    1    1  
SRAM at address   6 is 
   1    1    2    1  
SRAM at address   7 is 
   2    1    1    1  
SRAM at address   8 is 
   1    1    1    1  
SRAM at address   9 is 
   1    1    1    1  
SRAM at address  10 is 
   1    1    1    1  
SRAM at address  11 is 
   1    1    1    1  
SRAM at address  12 is 
   1    1    1    1  
SRAM at address  13 is 
   1    1    1    1  
SRAM at address  14 is 
   1    1    1    1  
SRAM at address  15 is 
   1    1    1    1  
SRAM at address  16 is 
   1    1    1    1  
SRAM at address  17 is 
   1    1    1    1  
SRAM at address  18 is 
   1    1    1    1  
SRAM at address  19 is 
   1    1    1    1  
SRAM at address  20 is 
   1    1    1    1  
SRAM at address  21 is 
   1    1    1    1  
SRAM at address  22 is 
   1    1    1    1  
SRAM at address  23 is 
   1    1    1    1  
SRAM at address  24 is 
   0    1    1    1  
SRAM at address  25 is 
   0    0    1    1  
SRAM at address  26 is 
   0    0    0    1  
SRAM at address  27 is 
   0    0    0    0  
SRAM at address  28 is 
   0    0    0    0  
SRAM at address  29 is 
   0    0    0    0  
SRAM at address  30 is 
   0    0    0    0  
SRAM at address  31 is 
   0    0    0    0  
SRAM at address  32 is 
   0    0    0    0  
SRAM at address  33 is 
   0    0    0    0  
SRAM at address  34 is 
   0    0    0    0  
SRAM at address  35 is 
   0    0    0    0  
SRAM at address  36 is 
   0    0    0    0  
SRAM at address  37 is 
   0    0    0    0  
SRAM at address  38 is 
   0    0    0    0  
SRAM at address  39 is 
   0    0    0    0  
SRAM at address  40 is 
   0    0    0    0  
SRAM at address  41 is 
   0    0    0    0  
SRAM at address  42 is 
   0    0    0    0  
SRAM at address  43 is 
   0    0    0    0  
SRAM at address  44 is 
   0    0    0    0  
SRAM at address  45 is 
   0    0    0    0  
SRAM at address  46 is 
   0    0    0    0  
SRAM at address  47 is 
   0    0    0    0  
SRAM at address  48 is 
   0    0    0    0  
SRAM at address  49 is 
   0    0    0    0  
SRAM at address  50 is 
   0    0    0    0  
SRAM at address  51 is 
   0    0    0    0  
SRAM at address  52 is 
   0    0    0    0  
SRAM at address  53 is 
   0    0    0    0  
SRAM at address  54 is 
   0    0    0    0  
SRAM at address  55 is 
   0    0    0    0  
SRAM at address  56 is 
   0    0    0    0  
SRAM at address  57 is 
   0    0    0    0  
SRAM at address  58 is 
   0    0    0    0  
SRAM at address  59 is 
   0    0    0    0  
SRAM at address  60 is 
   0    0    0    0  
SRAM at address  61 is 
   0    0    0    0  
SRAM at address  62 is 
   0    0    0    0  
SRAM at address  63 is 
   0    0    0    0  
SRAM at address  64 is 
   0    0    0    0  
SRAM at address  65 is 
   0    0    0    0  
SRAM at address  66 is 
   0    0    0    0  
SRAM at address  67 is 
   0    0    0    0  
SRAM at address  68 is 
   0    0    0    0  
SRAM at address  69 is 
   0    0    0    0  
SRAM at address  70 is 
   0    0    0    0  
SRAM at address  71 is 
   0    0    0    0  
SRAM at address  72 is 
   0    0    0    0  
SRAM at address  73 is 
   0    0    0    0  
SRAM at address  74 is 
   0    0    0    0  
SRAM at address  75 is 
   0    0    0    0  
SRAM at address  76 is 
   0    0    0    0  
SRAM at address  77 is 
   0    0    0    0  
SRAM at address  78 is 
   0    0    0    0  
SRAM at address  79 is 
   0    0    0    0  
SRAM at address  80 is 
   0    0    0    0  
SRAM at address  81 is 
   0    0    0    0  
SRAM at address  82 is 
   0    0    0    0  
SRAM at address  83 is 
   0    0    0    0  
SRAM at address  84 is 
   0    0    0    0  
SRAM at address  85 is 
   0    0    0    0  
SRAM at address  86 is 
   0    0    0    0  
SRAM at address  87 is 
   0    0    0    0  
SRAM at address  88 is 
   0    0    0    0  
SRAM at address  89 is 
   0    0    0    0  
SRAM at address  90 is 
   0    0    0    0  
SRAM at address  91 is 
   0    0    0    0  
SRAM at address  92 is 
   0    0    0    0  
SRAM at address  93 is 
   0    0    0    0  
SRAM at address  94 is 
   0    0    0    0  
SRAM at address  95 is 
   0    0    0    0  
SRAM at address  96 is 
   0    0    0    0  
SRAM at address  97 is 
   0    0    0    0  
SRAM at address  98 is 
   0    0    0    0  
SRAM at address  99 is 
   0    0    0    0  
SRAM at address 100 is 
   0    0    0    0  
SRAM at address 101 is 
   0    0    0    0  
SRAM at address 102 is 
   0    0    0    0  
SRAM at address 103 is 
   0    0    0    0  
SRAM at address 104 is 
   0    0    0    0  
SRAM at address 105 is 
   0    0    0    0  
SRAM at address 106 is 
   0    0    0    0  
SRAM at address 107 is 
   0    0    0    0  
SRAM at address 108 is 
   0    0    0    0  
SRAM at address 109 is 
   0    0    0    0  
SRAM at address 110 is 
   0    0    0    0  
SRAM at address 111 is 
   0    0    0    0  
SRAM at address 112 is 
   0    0    0    0  
SRAM at address 113 is 
   0    0    0    0  
SRAM at address 114 is 
   0    0    0    0  
SRAM at address 115 is 
   0    0    0    0  
SRAM at address 116 is 
   0    0    0    0  
SRAM at address 117 is 
   0    0    0    0  
SRAM at address 118 is 
   0    0    0    0  
SRAM at address 119 is 
   0    0    0    0  
SRAM at address 120 is 
   0    0    0    0  
SRAM at address 121 is 
   0    0    0    0  
SRAM at address 122 is 
   0    0    0    0  
SRAM at address 123 is 
   0    0    0    0  
SRAM at address 124 is 
   0    0    0    0  
SRAM at address 125 is 
   0    0    0    0  
SRAM at address 126 is 
   0    0    0    0  
SRAM at address 127 is 
   0    0    0    0  
SRAM b0!!!!
SRAM at address   0 is 
  -4    0    0    0  
SRAM at address   1 is 
   1    1    0    0  
SRAM at address   2 is 
   1    1    1    0  
SRAM at address   3 is 
   1    1    2    1  
SRAM at address   4 is 
   1    1    1    1  
SRAM at address   5 is 
   1    1    1    1  
SRAM at address   6 is 
   1    1    1    1  
SRAM at address   7 is 
   2    2    1    1  
SRAM at address   8 is 
   1    1    1    1  
SRAM at address   9 is 
   1    1    1    1  
SRAM at address  10 is 
   1    1    1    1  
SRAM at address  11 is 
   1    1    1    1  
SRAM at address  12 is 
   1    1    1    1  
SRAM at address  13 is 
   1    1    1    1  
SRAM at address  14 is 
   1    1    1    1  
SRAM at address  15 is 
   1    1    1    1  
SRAM at address  16 is 
   1    1    1    1  
SRAM at address  17 is 
   1    1    1    1  
SRAM at address  18 is 
   1    1    1    1  
SRAM at address  19 is 
   1    1    1    1  
SRAM at address  20 is 
   1    1    1    1  
SRAM at address  21 is 
   1    1    1    1  
SRAM at address  22 is 
   1    1    1    1  
SRAM at address  23 is 
   1    1    1    1  
SRAM at address  24 is 
   0    1    1    1  
SRAM at address  25 is 
   0    0    1    1  
SRAM at address  26 is 
   0    0    0    1  
SRAM at address  27 is 
   0    0    0    0  
SRAM at address  28 is 
   0    0    0    0  
SRAM at address  29 is 
   0    0    0    0  
SRAM at address  30 is 
   0    0    0    0  
SRAM at address  31 is 
   0    0    0    0  
SRAM at address  32 is 
   0    0    0    0  
SRAM at address  33 is 
   0    0    0    0  
SRAM at address  34 is 
   0    0    0    0  
SRAM at address  35 is 
   0    0    0    0  
SRAM at address  36 is 
   0    0    0    0  
SRAM at address  37 is 
   0    0    0    0  
SRAM at address  38 is 
   0    0    0    0  
SRAM at address  39 is 
   0    0    0    0  
SRAM at address  40 is 
   0    0    0    0  
SRAM at address  41 is 
   0    0    0    0  
SRAM at address  42 is 
   0    0    0    0  
SRAM at address  43 is 
   0    0    0    0  
SRAM at address  44 is 
   0    0    0    0  
SRAM at address  45 is 
   0    0    0    0  
SRAM at address  46 is 
   0    0    0    0  
SRAM at address  47 is 
   0    0    0    0  
SRAM at address  48 is 
   0    0    0    0  
SRAM at address  49 is 
   0    0    0    0  
SRAM at address  50 is 
   0    0    0    0  
SRAM at address  51 is 
   0    0    0    0  
SRAM at address  52 is 
   0    0    0    0  
SRAM at address  53 is 
   0    0    0    0  
SRAM at address  54 is 
   0    0    0    0  
SRAM at address  55 is 
   0    0    0    0  
SRAM at address  56 is 
   0    0    0    0  
SRAM at address  57 is 
   0    0    0    0  
SRAM at address  58 is 
   0    0    0    0  
SRAM at address  59 is 
   0    0    0    0  
SRAM at address  60 is 
   0    0    0    0  
SRAM at address  61 is 
   0    0    0    0  
SRAM at address  62 is 
   0    0    0    0  
SRAM at address  63 is 
   0    0    0    0  
SRAM at address  64 is 
   0    0    0    0  
SRAM at address  65 is 
   0    0    0    0  
SRAM at address  66 is 
   0    0    0    0  
SRAM at address  67 is 
   0    0    0    0  
SRAM at address  68 is 
   0    0    0    0  
SRAM at address  69 is 
   0    0    0    0  
SRAM at address  70 is 
   0    0    0    0  
SRAM at address  71 is 
   0    0    0    0  
SRAM at address  72 is 
   0    0    0    0  
SRAM at address  73 is 
   0    0    0    0  
SRAM at address  74 is 
   0    0    0    0  
SRAM at address  75 is 
   0    0    0    0  
SRAM at address  76 is 
   0    0    0    0  
SRAM at address  77 is 
   0    0    0    0  
SRAM at address  78 is 
   0    0    0    0  
SRAM at address  79 is 
   0    0    0    0  
SRAM at address  80 is 
   0    0    0    0  
SRAM at address  81 is 
   0    0    0    0  
SRAM at address  82 is 
   0    0    0    0  
SRAM at address  83 is 
   0    0    0    0  
SRAM at address  84 is 
   0    0    0    0  
SRAM at address  85 is 
   0    0    0    0  
SRAM at address  86 is 
   0    0    0    0  
SRAM at address  87 is 
   0    0    0    0  
SRAM at address  88 is 
   0    0    0    0  
SRAM at address  89 is 
   0    0    0    0  
SRAM at address  90 is 
   0    0    0    0  
SRAM at address  91 is 
   0    0    0    0  
SRAM at address  92 is 
   0    0    0    0  
SRAM at address  93 is 
   0    0    0    0  
SRAM at address  94 is 
   0    0    0    0  
SRAM at address  95 is 
   0    0    0    0  
SRAM at address  96 is 
   0    0    0    0  
SRAM at address  97 is 
   0    0    0    0  
SRAM at address  98 is 
   0    0    0    0  
SRAM at address  99 is 
   0    0    0    0  
SRAM at address 100 is 
   0    0    0    0  
SRAM at address 101 is 
   0    0    0    0  
SRAM at address 102 is 
   0    0    0    0  
SRAM at address 103 is 
   0    0    0    0  
SRAM at address 104 is 
   0    0    0    0  
SRAM at address 105 is 
   0    0    0    0  
SRAM at address 106 is 
   0    0    0    0  
SRAM at address 107 is 
   0    0    0    0  
SRAM at address 108 is 
   0    0    0    0  
SRAM at address 109 is 
   0    0    0    0  
SRAM at address 110 is 
   0    0    0    0  
SRAM at address 111 is 
   0    0    0    0  
SRAM at address 112 is 
   0    0    0    0  
SRAM at address 113 is 
   0    0    0    0  
SRAM at address 114 is 
   0    0    0    0  
SRAM at address 115 is 
   0    0    0    0  
SRAM at address 116 is 
   0    0    0    0  
SRAM at address 117 is 
   0    0    0    0  
SRAM at address 118 is 
   0    0    0    0  
SRAM at address 119 is 
   0    0    0    0  
SRAM at address 120 is 
   0    0    0    0  
SRAM at address 121 is 
   0    0    0    0  
SRAM at address 122 is 
   0    0    0    0  
SRAM at address 123 is 
   0    0    0    0  
SRAM at address 124 is 
   0    0    0    0  
SRAM at address 125 is 
   0    0    0    0  
SRAM at address 126 is 
   0    0    0    0  
SRAM at address 127 is 
   0    0    0    0  
Here shows the trans_golden1!!!
     6      0      0      0      0      0      0      0 

     4     10      0      0      0      0      0      0 

     5      9     10      0      0      0      0      0 

     4     10      9      9      0      0      0      0 

     4      9     10      8      9      0      0      0 

     4      9      9      9      8      9      0      0 

     4      9      9      8      9      8      9      0 

     8      9      9      8      8      9      8      9 

    11      9      8      8      8      9      8      0 

    11      8      8      8      8      9      0      0 

    10      8      8      8      8      0      0      0 

    10      8      8      8      0      0      0      0 

    10      8      8      0      0      0      0      0 

    10      8      0      0      0      0      0      0 

    10      0      0      0      0      0      0      0 

|
Three input groups of matrix
|
------------------------
1 0 0 0 0 0 0 0 1 0 0 0 0 0 0 0 1 0 0 0 0 0 0 0 1 0 0 0 0 0 0 0 1 0 0 0 0 0 0 0 1 0 0 0 0 0 0 0 1 0 0 0 0 0 0 0 0 1 0 0 0 0 0 0 
1 0 0 0 0 0 0 0 1 0 0 0 0 0 0 0 1 0 0 0 0 0 0 0 1 0 0 0 0 0 0 0 1 0 0 0 0 0 0 0 1 0 0 0 0 0 0 0 1 0 0 0 0 0 0 0 1 0 0 0 0 0 0 0 
1 0 0 0 0 0 0 0 1 0 0 0 0 0 0 0 1 0 0 0 0 0 0 0 1 0 0 0 0 0 0 0 0 1 0 0 0 0 0 0 1 0 0 0 0 0 0 0 1 0 0 0 0 0 0 0 1 0 0 0 0 0 0 0 
1 0 0 0 0 0 0 0 1 0 0 0 0 0 0 0 1 0 0 0 0 0 0 0 1 0 0 0 0 0 0 0 1 0 0 0 0 0 0 0 1 0 0 0 0 0 0 0 1 0 0 0 0 0 0 0 1 0 0 0 0 0 0 0 
1 0 0 0 0 0 0 0 1 0 0 0 0 0 0 0 1 0 0 0 0 0 0 0 1 0 0 0 0 0 0 0 1 0 0 0 0 0 0 0 1 0 0 0 0 0 0 0 1 0 0 0 0 0 0 0 1 0 0 0 0 0 0 0 
1 0 0 0 0 0 0 0 1 0 0 0 0 0 0 0 1 0 0 0 0 0 0 0 1 0 0 0 0 0 0 0 1 0 0 0 0 0 0 0 1 0 0 0 0 0 0 0 1 0 0 0 0 0 0 0 1 0 0 0 0 0 0 0 
1 0 0 0 0 0 0 0 1 0 0 0 0 0 0 0 1 0 0 0 0 0 0 0 1 0 0 0 0 0 0 0 1 0 0 0 0 0 0 0 1 0 0 0 0 0 0 0 1 0 0 0 0 0 0 0 1 0 0 0 0 0 0 0 
1 0 0 0 0 0 0 0 1 0 0 0 0 0 0 0 1 0 0 0 0 0 0 0 1 0 0 0 0 0 0 0 1 0 0 0 0 0 0 0 1 0 0 0 0 0 0 0 1 0 0 0 0 0 0 0 1 1 0 0 0 0 0 0 

0 0 1 1 1 1 1 1 1 0 0 0 0 0 0 0 1 0 0 0 0 0 0 0 1 0 0 0 0 0 0 0 1 0 0 0 0 0 0 0 1 0 0 0 0 0 0 0 1 0 0 0 0 0 0 0 0 1 0 0 0 0 0 0 
1 0 0 0 0 0 0 0 1 0 0 0 0 0 0 0 1 0 0 0 0 0 0 0 1 0 0 0 0 0 0 0 1 0 0 0 0 0 0 0 1 0 0 0 0 0 0 0 0 1 0 0 0 0 0 0 1 0 0 0 0 0 0 0 
1 0 0 0 0 0 0 0 0 1 0 0 0 0 0 0 1 0 0 0 0 0 0 0 1 0 0 0 0 0 0 0 1 0 0 0 0 0 0 0 1 0 0 0 0 0 0 0 1 0 0 0 0 0 0 0 1 0 0 0 0 0 0 0 
1 0 0 0 0 0 0 0 1 0 0 0 0 0 0 0 1 0 0 0 0 0 0 0 1 0 0 0 0 0 0 0 1 0 0 0 0 0 0 0 1 0 0 0 0 0 0 0 1 0 0 0 0 0 0 0 1 0 0 0 0 0 0 0 
1 0 0 0 0 0 0 0 1 0 0 0 0 0 0 0 1 0 0 0 0 0 0 0 1 0 0 0 0 0 0 0 1 0 0 0 0 0 0 0 1 0 0 0 0 0 0 0 1 0 0 0 0 0 0 0 1 0 0 0 0 0 0 0 
1 0 0 0 0 0 0 0 1 0 0 0 0 0 0 0 1 0 0 0 0 0 0 0 1 0 0 0 0 0 0 0 1 0 0 0 0 0 0 0 1 0 0 0 0 0 0 0 1 0 0 0 0 0 0 0 1 0 0 0 0 0 0 0 
1 0 0 0 0 0 0 0 1 0 0 0 0 0 0 0 1 0 0 0 0 0 0 0 1 0 0 0 0 0 0 0 1 0 0 0 0 0 0 0 1 0 0 0 0 0 0 0 1 0 0 0 0 0 0 0 1 0 0 0 0 0 0 0 
1 0 0 0 0 0 0 0 1 0 0 0 0 0 0 0 1 0 0 0 0 0 0 0 1 0 0 0 0 0 0 0 1 0 0 0 0 0 0 0 1 0 0 0 0 0 0 0 1 0 0 0 0 0 0 0 1 0 0 0 0 0 0 0 
------------------------

------------------------
1 0 0 0 0 0 0 0 1 0 0 0 0 0 0 0 1 0 0 0 0 0 0 0 1 0 0 0 0 0 0 0 1 0 0 0 0 0 0 0 1 0 0 0 0 0 0 0 1 0 0 0 0 0 0 0 1 0 0 0 0 0 0 0 
1 0 0 0 0 0 0 0 1 0 0 0 0 0 0 0 1 0 0 0 0 0 0 0 1 0 0 0 0 0 0 0 1 0 0 0 0 0 0 0 1 0 0 0 0 0 0 0 1 0 0 0 0 0 0 0 1 0 0 0 0 0 0 0 
1 0 0 0 0 0 0 0 1 0 0 0 0 0 0 0 1 0 0 0 0 0 0 0 1 0 0 0 0 0 0 0 1 0 0 0 0 0 0 0 1 0 0 0 0 0 0 0 1 0 0 0 0 0 0 0 1 0 0 0 0 0 0 0 
1 0 0 0 0 0 0 0 1 0 0 0 0 0 0 0 1 0 0 0 0 0 0 0 1 0 0 0 0 0 0 0 1 0 0 0 0 0 0 0 1 0 0 0 0 0 0 0 1 0 0 0 0 0 0 0 1 0 0 0 0 0 0 0 
1 0 0 0 0 0 0 0 1 0 0 0 0 0 0 0 1 0 0 0 0 0 0 0 1 0 0 0 0 0 0 0 1 0 0 0 0 0 0 0 1 0 0 0 0 0 0 0 1 0 0 0 0 0 0 0 1 0 0 0 0 0 0 0 
1 0 0 0 0 0 0 0 1 0 0 0 0 0 0 0 1 0 0 0 0 0 0 0 1 0 0 0 0 0 0 0 1 0 0 0 0 0 0 0 1 0 0 0 0 0 0 0 1 0 0 0 0 0 0 0 1 0 0 0 0 0 0 0 
1 0 0 0 0 0 0 0 1 0 0 0 0 0 0 0 1 0 0 0 0 0 0 0 1 0 0 0 0 0 0 0 1 0 0 0 0 0 0 0 1 0 0 0 0 0 0 0 1 0 0 0 0 0 0 0 1 0 0 0 0 0 0 0 
1 0 0 0 0 0 0 0 1 0 0 0 0 0 0 0 1 0 0 0 0 0 0 0 1 0 0 0 0 0 0 0 1 0 0 0 0 0 0 0 1 0 0 0 0 0 0 0 1 0 0 0 0 0 0 0 1 0 0 0 0 0 0 0 

1 0 0 0 0 0 0 0 1 0 0 0 0 0 0 0 1 0 0 0 0 0 0 0 1 0 0 0 0 0 0 0 1 0 0 0 0 0 0 0 1 0 0 0 0 0 0 0 1 0 0 0 0 0 0 0 1 0 0 0 0 0 0 0 
1 0 0 0 0 0 0 0 1 0 0 0 0 0 0 0 1 0 0 0 0 0 0 0 1 0 0 0 0 0 0 0 1 0 0 0 0 0 0 0 1 0 0 0 0 0 0 0 1 0 0 0 0 0 0 0 1 0 0 0 0 0 0 0 
1 0 0 0 0 0 0 0 1 0 0 0 0 0 0 0 1 0 0 0 0 0 0 0 1 0 0 0 0 0 0 0 1 0 0 0 0 0 0 0 1 0 0 0 0 0 0 0 1 0 0 0 0 0 0 0 1 0 0 0 0 0 0 0 
1 0 0 0 0 0 0 0 1 0 0 0 0 0 0 0 1 0 0 0 0 0 0 0 1 0 0 0 0 0 0 0 1 0 0 0 0 0 0 0 1 0 0 0 0 0 0 0 1 0 0 0 0 0 0 0 1 0 0 0 0 0 0 0 
1 0 0 0 0 0 0 0 1 0 0 0 0 0 0 0 1 0 0 0 0 0 0 0 1 0 0 0 0 0 0 0 1 0 0 0 0 0 0 0 1 0 0 0 0 0 0 0 1 0 0 0 0 0 0 0 1 0 0 0 0 0 0 0 
1 0 0 0 0 0 0 0 1 0 0 0 0 0 0 0 1 0 0 0 0 0 0 0 1 0 0 0 0 0 0 0 1 0 0 0 0 0 0 0 1 0 0 0 0 0 0 0 1 0 0 0 0 0 0 0 1 0 0 0 0 0 0 0 
1 0 0 0 0 0 0 0 1 0 0 0 0 0 0 0 1 0 0 0 0 0 0 0 1 0 0 0 0 0 0 0 1 0 0 0 0 0 0 0 1 0 0 0 0 0 0 0 1 0 0 0 0 0 0 0 1 0 0 0 0 0 0 0 
1 0 0 0 0 0 0 0 1 0 0 0 0 0 0 0 1 0 0 0 0 0 0 0 1 0 0 0 0 0 0 0 1 0 0 0 0 0 0 0 1 0 0 0 0 0 0 0 1 0 0 0 0 0 0 0 1 0 0 0 0 0 0 0 
------------------------

------------------------
1 0 0 0 0 0 0 0 1 0 0 0 0 0 0 0 1 0 0 0 0 0 0 0 1 0 0 0 0 0 0 0 1 0 0 0 0 0 0 0 1 0 0 0 0 0 0 0 1 0 0 0 0 0 0 0 1 0 0 0 0 0 0 0 
1 0 0 0 0 0 0 0 1 0 0 0 0 0 0 0 1 0 0 0 0 0 0 0 1 0 0 0 0 0 0 0 1 0 0 0 0 0 0 0 1 0 0 0 0 0 0 0 1 0 0 0 0 0 0 0 1 0 0 0 0 0 0 0 
1 0 0 0 0 0 0 0 1 0 0 0 0 0 0 0 1 0 0 0 0 0 0 0 1 0 0 0 0 0 0 0 1 0 0 0 0 0 0 0 1 0 0 0 0 0 0 0 1 0 0 0 0 0 0 0 1 0 0 0 0 0 0 0 
1 0 0 0 0 0 0 0 1 0 0 0 0 0 0 0 1 0 0 0 0 0 0 0 1 0 0 0 0 0 0 0 1 0 0 0 0 0 0 0 1 0 0 0 0 0 0 0 1 0 0 0 0 0 0 0 1 0 0 0 0 0 0 0 
1 0 0 0 0 0 0 0 1 0 0 0 0 0 0 0 1 0 0 0 0 0 0 0 1 0 0 0 0 0 0 0 1 0 0 0 0 0 0 0 1 0 0 0 0 0 0 0 1 0 0 0 0 0 0 0 1 0 0 0 0 0 0 0 
1 0 0 0 0 0 0 0 1 0 0 0 0 0 0 0 1 0 0 0 0 0 0 0 1 0 0 0 0 0 0 0 1 0 0 0 0 0 0 0 1 0 0 0 0 0 0 0 1 0 0 0 0 0 0 0 1 0 0 0 0 0 0 0 
1 0 0 0 0 0 0 0 1 0 0 0 0 0 0 0 1 0 0 0 0 0 0 0 1 0 0 0 0 0 0 0 1 0 0 0 0 0 0 0 1 0 0 0 0 0 0 0 1 0 0 0 0 0 0 0 1 0 0 0 0 0 0 0 
1 0 0 0 0 0 0 0 1 0 0 0 0 0 0 0 1 0 0 0 0 0 0 0 1 0 0 0 0 0 0 0 1 0 0 0 0 0 0 0 1 0 0 0 0 0 0 0 1 0 0 0 0 0 0 0 1 0 0 0 0 0 0 0 

1 0 0 0 0 0 0 0 1 0 0 0 0 0 0 0 1 0 0 0 0 0 0 0 1 0 0 0 0 0 0 0 1 0 0 0 0 0 0 0 1 0 0 0 0 0 0 0 1 0 0 0 0 0 0 0 1 0 0 0 0 0 0 0 
1 0 0 0 0 0 0 0 1 0 0 0 0 0 0 0 1 0 0 0 0 0 0 0 1 0 0 0 0 0 0 0 1 0 0 0 0 0 0 0 1 0 0 0 0 0 0 0 1 0 0 0 0 0 0 0 1 0 0 0 0 0 0 0 
1 0 0 0 0 0 0 0 1 0 0 0 0 0 0 0 1 0 0 0 0 0 0 0 1 0 0 0 0 0 0 0 1 0 0 0 0 0 0 0 1 0 0 0 0 0 0 0 1 0 0 0 0 0 0 0 1 0 0 0 0 0 0 0 
1 0 0 0 0 0 0 0 1 0 0 0 0 0 0 0 1 0 0 0 0 0 0 0 1 0 0 0 0 0 0 0 1 0 0 0 0 0 0 0 1 0 0 0 0 0 0 0 1 0 0 0 0 0 0 0 1 0 0 0 0 0 0 0 
1 0 0 0 0 0 0 0 1 0 0 0 0 0 0 0 1 0 0 0 0 0 0 0 1 0 0 0 0 0 0 0 1 0 0 0 0 0 0 0 1 0 0 0 0 0 0 0 1 0 0 0 0 0 0 0 1 0 0 0 0 0 0 0 
1 0 0 0 0 0 0 0 1 0 0 0 0 0 0 0 1 0 0 0 0 0 0 0 1 0 0 0 0 0 0 0 1 0 0 0 0 0 0 0 1 0 0 0 0 0 0 0 1 0 0 0 0 0 0 0 1 0 0 0 0 0 0 0 
1 0 0 0 0 0 0 0 1 0 0 0 0 0 0 0 1 0 0 0 0 0 0 0 1 0 0 0 0 0 0 0 1 0 0 0 0 0 0 0 1 0 0 0 0 0 0 0 1 0 0 0 0 0 0 0 1 0 0 0 0 0 0 0 
1 0 0 0 0 0 0 0 1 0 0 0 0 0 0 0 1 0 0 0 0 0 0 0 1 0 0 0 0 0 0 0 1 0 0 0 0 0 0 0 1 0 0 0 0 0 0 0 1 0 0 0 0 0 0 0 1 0 0 0 0 0 0 0 
------------------------

sram #c0 address:  0 PASS!!
sram #c0 address:  1 PASS!!
sram #c0 address:  2 PASS!!
sram #c0 address:  3 PASS!!
sram #c0 address:  4 PASS!!
sram #c0 address:  5 PASS!!
sram #c0 address:  6 PASS!!
sram #c0 address:  7 PASS!!
sram #c0 address:  8 PASS!!
sram #c0 address:  9 PASS!!
sram #c0 address: 10 PASS!!
sram #c0 address: 11 PASS!!
sram #c0 address: 12 PASS!!
sram #c0 address: 13 PASS!!
sram #c0 address: 14 PASS!!
sram #c1 address:  0 PASS!!
sram #c1 address:  1 PASS!!
sram #c1 address:  2 PASS!!
sram #c1 address:  3 PASS!!
sram #c1 address:  4 PASS!!
sram #c1 address:  5 PASS!!
sram #c1 address:  6 PASS!!
sram #c1 address:  7 PASS!!
sram #c1 address:  8 PASS!!
sram #c1 address:  9 PASS!!
sram #c1 address: 10 PASS!!
sram #c1 address: 11 PASS!!
sram #c1 address: 12 PASS!!
sram #c1 address: 13 PASS!!
sram #c1 address: 14 PASS!!
sram #c1 address:  0 PASS!!
sram #c1 address:  1 PASS!!
sram #c1 address:  2 PASS!!
sram #c1 address:  3 PASS!!
sram #c1 address:  4 PASS!!
sram #c1 address:  5 PASS!!
sram #c1 address:  6 PASS!!
sram #c1 address:  7 PASS!!
sram #c1 address:  8 PASS!!
sram #c1 address:  9 PASS!!
sram #c1 address: 10 PASS!!
sram #c1 address: 11 PASS!!
sram #c1 address: 12 PASS!!
sram #c1 address: 13 PASS!!
sram #c1 address: 14 PASS!!
Total cycle count C after three matrix evaluation =          43.
$finish called at time : 465 ns : File "/scratch/asicfab/a/vkevat/Design-and-Implementation-of-8x8-Systolic-Array/Pre-Synthesis_Simulation/test_tpu.v" Line 324
INFO: [USF-XSim-96] XSim completed. Design snapshot 'test_tpu_behav' loaded.
INFO: [USF-XSim-97] XSim simulation ran for 1000ns
launch_simulation: Time (s): cpu = 00:00:08 ; elapsed = 00:00:06 . Memory (MB): peak = 8732.434 ; gain = 18.875 ; free physical = 150554 ; free virtual = 182081
close_sim
INFO: [Simtcl 6-16] Simulation closed
exit
INFO: [Common 17-206] Exiting Vivado at Sun Apr 27 23:58:56 2025...
