Time resolution is 1 ps
SRAM a0!!!!
SRAM at address   0 is 
   1    0    0    0  
SRAM at address   1 is 
   1    1    0    0  
SRAM at address   2 is 
   1    1    1    0  
SRAM at address   3 is 
   1    1    1    1  
SRAM at address   4 is 
   1    1    1    1  
SRAM at address   5 is 
   1    1    1    1  
SRAM at address   6 is 
   1    1    2    1  
SRAM at address   7 is 
   2    1    1    1  
SRAM at address   8 is 
   1    1    1    1  
SRAM at address   9 is 
   1    1    1    1  
SRAM at address  10 is 
   1    1    1    1  
SRAM at address  11 is 
   1    1    1    1  
SRAM at address  12 is 
   1    1    1    1  
SRAM at address  13 is 
   1    1    1    1  
SRAM at address  14 is 
   1    1    1    1  
SRAM at address  15 is 
   1    1    1    1  
SRAM at address  16 is 
   1    1    1    1  
SRAM at address  17 is 
   1    1    1    1  
SRAM at address  18 is 
   1    1    1    1  
SRAM at address  19 is 
   1    1    1    1  
SRAM at address  20 is 
   1    1    1    1  
SRAM at address  21 is 
   1    1    1    1  
SRAM at address  22 is 
   1    1    1    1  
SRAM at address  23 is 
   1    1    1    1  
SRAM at address  24 is 
   0    1    1    1  
SRAM at address  25 is 
   0    0    1    1  
SRAM at address  26 is 
   0    0    0    1  
SRAM at address  27 is 
   0    0    0    0  
SRAM at address  28 is 
   0    0    0    0  
SRAM at address  29 is 
   0    0    0    0  
SRAM at address  30 is 
   0    0    0    0  
SRAM at address  31 is 
   0    0    0    0  
SRAM at address  32 is 
   0    0    0    0  
SRAM at address  33 is 
   0    0    0    0  
SRAM at address  34 is 
   0    0    0    0  
SRAM at address  35 is 
   0    0    0    0  
SRAM at address  36 is 
   0    0    0    0  
SRAM at address  37 is 
   0    0    0    0  
SRAM at address  38 is 
   0    0    0    0  
SRAM at address  39 is 
   0    0    0    0  
SRAM at address  40 is 
   0    0    0    0  
SRAM at address  41 is 
   0    0    0    0  
SRAM at address  42 is 
   0    0    0    0  
SRAM at address  43 is 
   0    0    0    0  
SRAM at address  44 is 
   0    0    0    0  
SRAM at address  45 is 
   0    0    0    0  
SRAM at address  46 is 
   0    0    0    0  
SRAM at address  47 is 
   0    0    0    0  
SRAM at address  48 is 
   0    0    0    0  
SRAM at address  49 is 
   0    0    0    0  
SRAM at address  50 is 
   0    0    0    0  
SRAM at address  51 is 
   0    0    0    0  
SRAM at address  52 is 
   0    0    0    0  
SRAM at address  53 is 
   0    0    0    0  
SRAM at address  54 is 
   0    0    0    0  
SRAM at address  55 is 
   0    0    0    0  
SRAM at address  56 is 
   0    0    0    0  
SRAM at address  57 is 
   0    0    0    0  
SRAM at address  58 is 
   0    0    0    0  
SRAM at address  59 is 
   0    0    0    0  
SRAM at address  60 is 
   0    0    0    0  
SRAM at address  61 is 
   0    0    0    0  
SRAM at address  62 is 
   0    0    0    0  
SRAM at address  63 is 
   0    0    0    0  
SRAM at address  64 is 
   0    0    0    0  
SRAM at address  65 is 
   0    0    0    0  
SRAM at address  66 is 
   0    0    0    0  
SRAM at address  67 is 
   0    0    0    0  
SRAM at address  68 is 
   0    0    0    0  
SRAM at address  69 is 
   0    0    0    0  
SRAM at address  70 is 
   0    0    0    0  
SRAM at address  71 is 
   0    0    0    0  
SRAM at address  72 is 
   0    0    0    0  
SRAM at address  73 is 
   0    0    0    0  
SRAM at address  74 is 
   0    0    0    0  
SRAM at address  75 is 
   0    0    0    0  
SRAM at address  76 is 
   0    0    0    0  
SRAM at address  77 is 
   0    0    0    0  
SRAM at address  78 is 
   0    0    0    0  
SRAM at address  79 is 
   0    0    0    0  
SRAM at address  80 is 
   0    0    0    0  
SRAM at address  81 is 
   0    0    0    0  
SRAM at address  82 is 
   0    0    0    0  
SRAM at address  83 is 
   0    0    0    0  
SRAM at address  84 is 
   0    0    0    0  
SRAM at address  85 is 
   0    0    0    0  
SRAM at address  86 is 
   0    0    0    0  
SRAM at address  87 is 
   0    0    0    0  
SRAM at address  88 is 
   0    0    0    0  
SRAM at address  89 is 
   0    0    0    0  
SRAM at address  90 is 
   0    0    0    0  
SRAM at address  91 is 
   0    0    0    0  
SRAM at address  92 is 
   0    0    0    0  
SRAM at address  93 is 
   0    0    0    0  
SRAM at address  94 is 
   0    0    0    0  
SRAM at address  95 is 
   0    0    0    0  
SRAM at address  96 is 
   0    0    0    0  
SRAM at address  97 is 
   0    0    0    0  
SRAM at address  98 is 
   0    0    0    0  
SRAM at address  99 is 
   0    0    0    0  
SRAM at address 100 is 
   0    0    0    0  
SRAM at address 101 is 
   0    0    0    0  
SRAM at address 102 is 
   0    0    0    0  
SRAM at address 103 is 
   0    0    0    0  
SRAM at address 104 is 
   0    0    0    0  
SRAM at address 105 is 
   0    0    0    0  
SRAM at address 106 is 
   0    0    0    0  
SRAM at address 107 is 
   0    0    0    0  
SRAM at address 108 is 
   0    0    0    0  
SRAM at address 109 is 
   0    0    0    0  
SRAM at address 110 is 
   0    0    0    0  
SRAM at address 111 is 
   0    0    0    0  
SRAM at address 112 is 
   0    0    0    0  
SRAM at address 113 is 
   0    0    0    0  
SRAM at address 114 is 
   0    0    0    0  
SRAM at address 115 is 
   0    0    0    0  
SRAM at address 116 is 
   0    0    0    0  
SRAM at address 117 is 
   0    0    0    0  
SRAM at address 118 is 
   0    0    0    0  
SRAM at address 119 is 
   0    0    0    0  
SRAM at address 120 is 
   0    0    0    0  
SRAM at address 121 is 
   0    0    0    0  
SRAM at address 122 is 
   0    0    0    0  
SRAM at address 123 is 
   0    0    0    0  
SRAM at address 124 is 
   0    0    0    0  
SRAM at address 125 is 
   0    0    0    0  
SRAM at address 126 is 
   0    0    0    0  
SRAM at address 127 is 
   0    0    0    0  
SRAM b0!!!!
SRAM at address   0 is 
  -4    0    0    0  
SRAM at address   1 is 
   1    1    0    0  
SRAM at address   2 is 
   1    1    1    0  
SRAM at address   3 is 
   1    1    2    1  
SRAM at address   4 is 
   1    1    1    1  
SRAM at address   5 is 
   1    1    1    1  
SRAM at address   6 is 
   1    1    1    1  
SRAM at address   7 is 
   2    2    1    1  
SRAM at address   8 is 
   1    1    1    1  
SRAM at address   9 is 
   1    1    1    1  
SRAM at address  10 is 
   1    1    1    1  
SRAM at address  11 is 
   1    1    1    1  
SRAM at address  12 is 
   1    1    1    1  
SRAM at address  13 is 
   1    1    1    1  
SRAM at address  14 is 
   1    1    1    1  
SRAM at address  15 is 
   1    1    1    1  
SRAM at address  16 is 
   1    1    1    1  
SRAM at address  17 is 
   1    1    1    1  
SRAM at address  18 is 
   1    1    1    1  
SRAM at address  19 is 
   1    1    1    1  
SRAM at address  20 is 
   1    1    1    1  
SRAM at address  21 is 
   1    1    1    1  
SRAM at address  22 is 
   1    1    1    1  
SRAM at address  23 is 
   1    1    1    1  
SRAM at address  24 is 
   0    1    1    1  
SRAM at address  25 is 
   0    0    1    1  
SRAM at address  26 is 
   0    0    0    1  
SRAM at address  27 is 
   0    0    0    0  
SRAM at address  28 is 
   0    0    0    0  
SRAM at address  29 is 
   0    0    0    0  
SRAM at address  30 is 
   0    0    0    0  
SRAM at address  31 is 
   0    0    0    0  
SRAM at address  32 is 
   0    0    0    0  
SRAM at address  33 is 
   0    0    0    0  
SRAM at address  34 is 
   0    0    0    0  
SRAM at address  35 is 
   0    0    0    0  
SRAM at address  36 is 
   0    0    0    0  
SRAM at address  37 is 
   0    0    0    0  
SRAM at address  38 is 
   0    0    0    0  
SRAM at address  39 is 
   0    0    0    0  
SRAM at address  40 is 
   0    0    0    0  
SRAM at address  41 is 
   0    0    0    0  
SRAM at address  42 is 
   0    0    0    0  
SRAM at address  43 is 
   0    0    0    0  
SRAM at address  44 is 
   0    0    0    0  
SRAM at address  45 is 
   0    0    0    0  
SRAM at address  46 is 
   0    0    0    0  
SRAM at address  47 is 
   0    0    0    0  
SRAM at address  48 is 
   0    0    0    0  
SRAM at address  49 is 
   0    0    0    0  
SRAM at address  50 is 
   0    0    0    0  
SRAM at address  51 is 
   0    0    0    0  
SRAM at address  52 is 
   0    0    0    0  
SRAM at address  53 is 
   0    0    0    0  
SRAM at address  54 is 
   0    0    0    0  
SRAM at address  55 is 
   0    0    0    0  
SRAM at address  56 is 
   0    0    0    0  
SRAM at address  57 is 
   0    0    0    0  
SRAM at address  58 is 
   0    0    0    0  
SRAM at address  59 is 
   0    0    0    0  
SRAM at address  60 is 
   0    0    0    0  
SRAM at address  61 is 
   0    0    0    0  
SRAM at address  62 is 
   0    0    0    0  
SRAM at address  63 is 
   0    0    0    0  
SRAM at address  64 is 
   0    0    0    0  
SRAM at address  65 is 
   0    0    0    0  
SRAM at address  66 is 
   0    0    0    0  
SRAM at address  67 is 
   0    0    0    0  
SRAM at address  68 is 
   0    0    0    0  
SRAM at address  69 is 
   0    0    0    0  
SRAM at address  70 is 
   0    0    0    0  
SRAM at address  71 is 
   0    0    0    0  
SRAM at address  72 is 
   0    0    0    0  
SRAM at address  73 is 
   0    0    0    0  
SRAM at address  74 is 
   0    0    0    0  
SRAM at address  75 is 
   0    0    0    0  
SRAM at address  76 is 
   0    0    0    0  
SRAM at address  77 is 
   0    0    0    0  
SRAM at address  78 is 
   0    0    0    0  
SRAM at address  79 is 
   0    0    0    0  
SRAM at address  80 is 
   0    0    0    0  
SRAM at address  81 is 
   0    0    0    0  
SRAM at address  82 is 
   0    0    0    0  
SRAM at address  83 is 
   0    0    0    0  
SRAM at address  84 is 
   0    0    0    0  
SRAM at address  85 is 
   0    0    0    0  
SRAM at address  86 is 
   0    0    0    0  
SRAM at address  87 is 
   0    0    0    0  
SRAM at address  88 is 
   0    0    0    0  
SRAM at address  89 is 
   0    0    0    0  
SRAM at address  90 is 
   0    0    0    0  
SRAM at address  91 is 
   0    0    0    0  
SRAM at address  92 is 
   0    0    0    0  
SRAM at address  93 is 
   0    0    0    0  
SRAM at address  94 is 
   0    0    0    0  
SRAM at address  95 is 
   0    0    0    0  
SRAM at address  96 is 
   0    0    0    0  
SRAM at address  97 is 
   0    0    0    0  
SRAM at address  98 is 
   0    0    0    0  
SRAM at address  99 is 
   0    0    0    0  
SRAM at address 100 is 
   0    0    0    0  
SRAM at address 101 is 
   0    0    0    0  
SRAM at address 102 is 
   0    0    0    0  
SRAM at address 103 is 
   0    0    0    0  
SRAM at address 104 is 
   0    0    0    0  
SRAM at address 105 is 
   0    0    0    0  
SRAM at address 106 is 
   0    0    0    0  
SRAM at address 107 is 
   0    0    0    0  
SRAM at address 108 is 
   0    0    0    0  
SRAM at address 109 is 
   0    0    0    0  
SRAM at address 110 is 
   0    0    0    0  
SRAM at address 111 is 
   0    0    0    0  
SRAM at address 112 is 
   0    0    0    0  
SRAM at address 113 is 
   0    0    0    0  
SRAM at address 114 is 
   0    0    0    0  
SRAM at address 115 is 
   0    0    0    0  
SRAM at address 116 is 
   0    0    0    0  
SRAM at address 117 is 
   0    0    0    0  
SRAM at address 118 is 
   0    0    0    0  
SRAM at address 119 is 
   0    0    0    0  
SRAM at address 120 is 
   0    0    0    0  
SRAM at address 121 is 
   0    0    0    0  
SRAM at address 122 is 
   0    0    0    0  
SRAM at address 123 is 
   0    0    0    0  
SRAM at address 124 is 
   0    0    0    0  
SRAM at address 125 is 
   0    0    0    0  
SRAM at address 126 is 
   0    0    0    0  
SRAM at address 127 is 
   0    0    0    0  
Here shows the trans_golden1!!!
     6      0      0      0      0      0      0      0 

     4     10      0      0      0      0      0      0 

     5      9     10      0      0      0      0      0 

     4     10      9      9      0      0      0      0 

     4      9     10      8      9      0      0      0 

     4      9      9      9      8      9      0      0 

     4      9      9      8      9      8      9      0 

     8      9      9      8      8      9      8      9 

    11      9      8      8      8      9      8      0 

    11      8      8      8      8      9      0      0 

    10      8      8      8      8      0      0      0 

    10      8      8      8      0      0      0      0 

    10      8      8      0      0      0      0      0 

    10      8      0      0      0      0      0      0 

    10      0      0      0      0      0      0      0 

|
Three input groups of matrix
|
------------------------
1 0 0 0 0 0 0 0 1 0 0 0 0 0 0 0 1 0 0 0 0 0 0 0 1 0 0 0 0 0 0 0 1 0 0 0 0 0 0 0 1 0 0 0 0 0 0 0 1 0 0 0 0 0 0 0 0 1 0 0 0 0 0 0 
1 0 0 0 0 0 0 0 1 0 0 0 0 0 0 0 1 0 0 0 0 0 0 0 1 0 0 0 0 0 0 0 1 0 0 0 0 0 0 0 1 0 0 0 0 0 0 0 1 0 0 0 0 0 0 0 1 0 0 0 0 0 0 0 
1 0 0 0 0 0 0 0 1 0 0 0 0 0 0 0 1 0 0 0 0 0 0 0 1 0 0 0 0 0 0 0 0 1 0 0 0 0 0 0 1 0 0 0 0 0 0 0 1 0 0 0 0 0 0 0 1 0 0 0 0 0 0 0 
1 0 0 0 0 0 0 0 1 0 0 0 0 0 0 0 1 0 0 0 0 0 0 0 1 0 0 0 0 0 0 0 1 0 0 0 0 0 0 0 1 0 0 0 0 0 0 0 1 0 0 0 0 0 0 0 1 0 0 0 0 0 0 0 
1 0 0 0 0 0 0 0 1 0 0 0 0 0 0 0 1 0 0 0 0 0 0 0 1 0 0 0 0 0 0 0 1 0 0 0 0 0 0 0 1 0 0 0 0 0 0 0 1 0 0 0 0 0 0 0 1 0 0 0 0 0 0 0 
1 0 0 0 0 0 0 0 1 0 0 0 0 0 0 0 1 0 0 0 0 0 0 0 1 0 0 0 0 0 0 0 1 0 0 0 0 0 0 0 1 0 0 0 0 0 0 0 1 0 0 0 0 0 0 0 1 0 0 0 0 0 0 0 
1 0 0 0 0 0 0 0 1 0 0 0 0 0 0 0 1 0 0 0 0 0 0 0 1 0 0 0 0 0 0 0 1 0 0 0 0 0 0 0 1 0 0 0 0 0 0 0 1 0 0 0 0 0 0 0 1 0 0 0 0 0 0 0 
1 0 0 0 0 0 0 0 1 0 0 0 0 0 0 0 1 0 0 0 0 0 0 0 1 0 0 0 0 0 0 0 1 0 0 0 0 0 0 0 1 0 0 0 0 0 0 0 1 0 0 0 0 0 0 0 1 1 0 0 0 0 0 0 

0 0 1 1 1 1 1 1 1 0 0 0 0 0 0 0 1 0 0 0 0 0 0 0 1 0 0 0 0 0 0 0 1 0 0 0 0 0 0 0 1 0 0 0 0 0 0 0 1 0 0 0 0 0 0 0 0 1 0 0 0 0 0 0 
1 0 0 0 0 0 0 0 1 0 0 0 0 0 0 0 1 0 0 0 0 0 0 0 1 0 0 0 0 0 0 0 1 0 0 0 0 0 0 0 1 0 0 0 0 0 0 0 0 1 0 0 0 0 0 0 1 0 0 0 0 0 0 0 
1 0 0 0 0 0 0 0 0 1 0 0 0 0 0 0 1 0 0 0 0 0 0 0 1 0 0 0 0 0 0 0 1 0 0 0 0 0 0 0 1 0 0 0 0 0 0 0 1 0 0 0 0 0 0 0 1 0 0 0 0 0 0 0 
1 0 0 0 0 0 0 0 1 0 0 0 0 0 0 0 1 0 0 0 0 0 0 0 1 0 0 0 0 0 0 0 1 0 0 0 0 0 0 0 1 0 0 0 0 0 0 0 1 0 0 0 0 0 0 0 1 0 0 0 0 0 0 0 
1 0 0 0 0 0 0 0 1 0 0 0 0 0 0 0 1 0 0 0 0 0 0 0 1 0 0 0 0 0 0 0 1 0 0 0 0 0 0 0 1 0 0 0 0 0 0 0 1 0 0 0 0 0 0 0 1 0 0 0 0 0 0 0 
1 0 0 0 0 0 0 0 1 0 0 0 0 0 0 0 1 0 0 0 0 0 0 0 1 0 0 0 0 0 0 0 1 0 0 0 0 0 0 0 1 0 0 0 0 0 0 0 1 0 0 0 0 0 0 0 1 0 0 0 0 0 0 0 
1 0 0 0 0 0 0 0 1 0 0 0 0 0 0 0 1 0 0 0 0 0 0 0 1 0 0 0 0 0 0 0 1 0 0 0 0 0 0 0 1 0 0 0 0 0 0 0 1 0 0 0 0 0 0 0 1 0 0 0 0 0 0 0 
1 0 0 0 0 0 0 0 1 0 0 0 0 0 0 0 1 0 0 0 0 0 0 0 1 0 0 0 0 0 0 0 1 0 0 0 0 0 0 0 1 0 0 0 0 0 0 0 1 0 0 0 0 0 0 0 1 0 0 0 0 0 0 0 
------------------------

------------------------
1 0 0 0 0 0 0 0 1 0 0 0 0 0 0 0 1 0 0 0 0 0 0 0 1 0 0 0 0 0 0 0 1 0 0 0 0 0 0 0 1 0 0 0 0 0 0 0 1 0 0 0 0 0 0 0 1 0 0 0 0 0 0 0 
1 0 0 0 0 0 0 0 1 0 0 0 0 0 0 0 1 0 0 0 0 0 0 0 1 0 0 0 0 0 0 0 1 0 0 0 0 0 0 0 1 0 0 0 0 0 0 0 1 0 0 0 0 0 0 0 1 0 0 0 0 0 0 0 
1 0 0 0 0 0 0 0 1 0 0 0 0 0 0 0 1 0 0 0 0 0 0 0 1 0 0 0 0 0 0 0 1 0 0 0 0 0 0 0 1 0 0 0 0 0 0 0 1 0 0 0 0 0 0 0 1 0 0 0 0 0 0 0 
1 0 0 0 0 0 0 0 1 0 0 0 0 0 0 0 1 0 0 0 0 0 0 0 1 0 0 0 0 0 0 0 1 0 0 0 0 0 0 0 1 0 0 0 0 0 0 0 1 0 0 0 0 0 0 0 1 0 0 0 0 0 0 0 
1 0 0 0 0 0 0 0 1 0 0 0 0 0 0 0 1 0 0 0 0 0 0 0 1 0 0 0 0 0 0 0 1 0 0 0 0 0 0 0 1 0 0 0 0 0 0 0 1 0 0 0 0 0 0 0 1 0 0 0 0 0 0 0 
1 0 0 0 0 0 0 0 1 0 0 0 0 0 0 0 1 0 0 0 0 0 0 0 1 0 0 0 0 0 0 0 1 0 0 0 0 0 0 0 1 0 0 0 0 0 0 0 1 0 0 0 0 0 0 0 1 0 0 0 0 0 0 0 
1 0 0 0 0 0 0 0 1 0 0 0 0 0 0 0 1 0 0 0 0 0 0 0 1 0 0 0 0 0 0 0 1 0 0 0 0 0 0 0 1 0 0 0 0 0 0 0 1 0 0 0 0 0 0 0 1 0 0 0 0 0 0 0 
1 0 0 0 0 0 0 0 1 0 0 0 0 0 0 0 1 0 0 0 0 0 0 0 1 0 0 0 0 0 0 0 1 0 0 0 0 0 0 0 1 0 0 0 0 0 0 0 1 0 0 0 0 0 0 0 1 0 0 0 0 0 0 0 

1 0 0 0 0 0 0 0 1 0 0 0 0 0 0 0 1 0 0 0 0 0 0 0 1 0 0 0 0 0 0 0 1 0 0 0 0 0 0 0 1 0 0 0 0 0 0 0 1 0 0 0 0 0 0 0 1 0 0 0 0 0 0 0 
1 0 0 0 0 0 0 0 1 0 0 0 0 0 0 0 1 0 0 0 0 0 0 0 1 0 0 0 0 0 0 0 1 0 0 0 0 0 0 0 1 0 0 0 0 0 0 0 1 0 0 0 0 0 0 0 1 0 0 0 0 0 0 0 
1 0 0 0 0 0 0 0 1 0 0 0 0 0 0 0 1 0 0 0 0 0 0 0 1 0 0 0 0 0 0 0 1 0 0 0 0 0 0 0 1 0 0 0 0 0 0 0 1 0 0 0 0 0 0 0 1 0 0 0 0 0 0 0 
1 0 0 0 0 0 0 0 1 0 0 0 0 0 0 0 1 0 0 0 0 0 0 0 1 0 0 0 0 0 0 0 1 0 0 0 0 0 0 0 1 0 0 0 0 0 0 0 1 0 0 0 0 0 0 0 1 0 0 0 0 0 0 0 
1 0 0 0 0 0 0 0 1 0 0 0 0 0 0 0 1 0 0 0 0 0 0 0 1 0 0 0 0 0 0 0 1 0 0 0 0 0 0 0 1 0 0 0 0 0 0 0 1 0 0 0 0 0 0 0 1 0 0 0 0 0 0 0 
1 0 0 0 0 0 0 0 1 0 0 0 0 0 0 0 1 0 0 0 0 0 0 0 1 0 0 0 0 0 0 0 1 0 0 0 0 0 0 0 1 0 0 0 0 0 0 0 1 0 0 0 0 0 0 0 1 0 0 0 0 0 0 0 
1 0 0 0 0 0 0 0 1 0 0 0 0 0 0 0 1 0 0 0 0 0 0 0 1 0 0 0 0 0 0 0 1 0 0 0 0 0 0 0 1 0 0 0 0 0 0 0 1 0 0 0 0 0 0 0 1 0 0 0 0 0 0 0 
1 0 0 0 0 0 0 0 1 0 0 0 0 0 0 0 1 0 0 0 0 0 0 0 1 0 0 0 0 0 0 0 1 0 0 0 0 0 0 0 1 0 0 0 0 0 0 0 1 0 0 0 0 0 0 0 1 0 0 0 0 0 0 0 
------------------------

------------------------
1 0 0 0 0 0 0 0 1 0 0 0 0 0 0 0 1 0 0 0 0 0 0 0 1 0 0 0 0 0 0 0 1 0 0 0 0 0 0 0 1 0 0 0 0 0 0 0 1 0 0 0 0 0 0 0 1 0 0 0 0 0 0 0 
1 0 0 0 0 0 0 0 1 0 0 0 0 0 0 0 1 0 0 0 0 0 0 0 1 0 0 0 0 0 0 0 1 0 0 0 0 0 0 0 1 0 0 0 0 0 0 0 1 0 0 0 0 0 0 0 1 0 0 0 0 0 0 0 
1 0 0 0 0 0 0 0 1 0 0 0 0 0 0 0 1 0 0 0 0 0 0 0 1 0 0 0 0 0 0 0 1 0 0 0 0 0 0 0 1 0 0 0 0 0 0 0 1 0 0 0 0 0 0 0 1 0 0 0 0 0 0 0 
1 0 0 0 0 0 0 0 1 0 0 0 0 0 0 0 1 0 0 0 0 0 0 0 1 0 0 0 0 0 0 0 1 0 0 0 0 0 0 0 1 0 0 0 0 0 0 0 1 0 0 0 0 0 0 0 1 0 0 0 0 0 0 0 
1 0 0 0 0 0 0 0 1 0 0 0 0 0 0 0 1 0 0 0 0 0 0 0 1 0 0 0 0 0 0 0 1 0 0 0 0 0 0 0 1 0 0 0 0 0 0 0 1 0 0 0 0 0 0 0 1 0 0 0 0 0 0 0 
1 0 0 0 0 0 0 0 1 0 0 0 0 0 0 0 1 0 0 0 0 0 0 0 1 0 0 0 0 0 0 0 1 0 0 0 0 0 0 0 1 0 0 0 0 0 0 0 1 0 0 0 0 0 0 0 1 0 0 0 0 0 0 0 
1 0 0 0 0 0 0 0 1 0 0 0 0 0 0 0 1 0 0 0 0 0 0 0 1 0 0 0 0 0 0 0 1 0 0 0 0 0 0 0 1 0 0 0 0 0 0 0 1 0 0 0 0 0 0 0 1 0 0 0 0 0 0 0 
1 0 0 0 0 0 0 0 1 0 0 0 0 0 0 0 1 0 0 0 0 0 0 0 1 0 0 0 0 0 0 0 1 0 0 0 0 0 0 0 1 0 0 0 0 0 0 0 1 0 0 0 0 0 0 0 1 0 0 0 0 0 0 0 

1 0 0 0 0 0 0 0 1 0 0 0 0 0 0 0 1 0 0 0 0 0 0 0 1 0 0 0 0 0 0 0 1 0 0 0 0 0 0 0 1 0 0 0 0 0 0 0 1 0 0 0 0 0 0 0 1 0 0 0 0 0 0 0 
1 0 0 0 0 0 0 0 1 0 0 0 0 0 0 0 1 0 0 0 0 0 0 0 1 0 0 0 0 0 0 0 1 0 0 0 0 0 0 0 1 0 0 0 0 0 0 0 1 0 0 0 0 0 0 0 1 0 0 0 0 0 0 0 
1 0 0 0 0 0 0 0 1 0 0 0 0 0 0 0 1 0 0 0 0 0 0 0 1 0 0 0 0 0 0 0 1 0 0 0 0 0 0 0 1 0 0 0 0 0 0 0 1 0 0 0 0 0 0 0 1 0 0 0 0 0 0 0 
1 0 0 0 0 0 0 0 1 0 0 0 0 0 0 0 1 0 0 0 0 0 0 0 1 0 0 0 0 0 0 0 1 0 0 0 0 0 0 0 1 0 0 0 0 0 0 0 1 0 0 0 0 0 0 0 1 0 0 0 0 0 0 0 
1 0 0 0 0 0 0 0 1 0 0 0 0 0 0 0 1 0 0 0 0 0 0 0 1 0 0 0 0 0 0 0 1 0 0 0 0 0 0 0 1 0 0 0 0 0 0 0 1 0 0 0 0 0 0 0 1 0 0 0 0 0 0 0 
1 0 0 0 0 0 0 0 1 0 0 0 0 0 0 0 1 0 0 0 0 0 0 0 1 0 0 0 0 0 0 0 1 0 0 0 0 0 0 0 1 0 0 0 0 0 0 0 1 0 0 0 0 0 0 0 1 0 0 0 0 0 0 0 
1 0 0 0 0 0 0 0 1 0 0 0 0 0 0 0 1 0 0 0 0 0 0 0 1 0 0 0 0 0 0 0 1 0 0 0 0 0 0 0 1 0 0 0 0 0 0 0 1 0 0 0 0 0 0 0 1 0 0 0 0 0 0 0 
1 0 0 0 0 0 0 0 1 0 0 0 0 0 0 0 1 0 0 0 0 0 0 0 1 0 0 0 0 0 0 0 1 0 0 0 0 0 0 0 1 0 0 0 0 0 0 0 1 0 0 0 0 0 0 0 1 0 0 0 0 0 0 0 
------------------------

sram #c0 address:  0 PASS!!
sram #c0 address:  1 PASS!!
sram #c0 address:  2 PASS!!
sram #c0 address:  3 PASS!!
sram #c0 address:  4 PASS!!
sram #c0 address:  5 PASS!!
sram #c0 address:  6 PASS!!
sram #c0 address:  7 PASS!!
sram #c0 address:  8 PASS!!
sram #c0 address:  9 PASS!!
sram #c0 address: 10 PASS!!
sram #c0 address: 11 PASS!!
sram #c0 address: 12 PASS!!
sram #c0 address: 13 PASS!!
sram #c0 address: 14 PASS!!
sram #c1 address:  0 PASS!!
sram #c1 address:  1 PASS!!
sram #c1 address:  2 PASS!!
sram #c1 address:  3 PASS!!
sram #c1 address:  4 PASS!!
sram #c1 address:  5 PASS!!
sram #c1 address:  6 PASS!!
sram #c1 address:  7 PASS!!
sram #c1 address:  8 PASS!!
sram #c1 address:  9 PASS!!
sram #c1 address: 10 PASS!!
sram #c1 address: 11 PASS!!
sram #c1 address: 12 PASS!!
sram #c1 address: 13 PASS!!
sram #c1 address: 14 PASS!!
sram #c1 address:  0 PASS!!
sram #c1 address:  1 PASS!!
sram #c1 address:  2 PASS!!
sram #c1 address:  3 PASS!!
sram #c1 address:  4 PASS!!
sram #c1 address:  5 PASS!!
sram #c1 address:  6 PASS!!
sram #c1 address:  7 PASS!!
sram #c1 address:  8 PASS!!
sram #c1 address:  9 PASS!!
sram #c1 address: 10 PASS!!
sram #c1 address: 11 PASS!!
sram #c1 address: 12 PASS!!
sram #c1 address: 13 PASS!!
sram #c1 address: 14 PASS!!
Total cycle count C after three matrix evaluation =          43.
$finish called at time : 465 ns : File "/scratch/asicfab/a/vkevat/Design-and-Implementation-of-8x8-Systolic-Array/Pre-Synthesis_Simulation/test_tpu.v" Line 324
