============================================================
  Generated by:           Genus(TM) Synthesis Solution 21.17-s066_1
  Generated on:           Apr 25 2025  09:38:50 pm
  Module:                 tpu_top
  Operating conditions:   PVT_0P9V_125C (balanced_tree)
  Wireload mode:          enclosed
  Area mode:              timing library
============================================================

Timing
--------

Clock Period 
-------------
clk   5000.0 


  Cost    Critical         Violating 
 Group   Path Slack  TNS     Paths   
-------------------------------------
clk           607.6   0.0          0 
default    No paths   0.0            
-------------------------------------
Total                 0.0          0 

Instance Count
--------------
Leaf Instance Count             21580 
Physical Instance count             0 
Sequential Instance Count        2806 
Combinational Instance Count    18774 
Hierarchical Instance Count         5 

Area
----
Cell Area                          58439.934
Physical Cell Area                 0.000
Total Cell Area (Cell+Physical)    58439.934
Net Area                           0.000
Total Area (Cell+Physical+Net)     58439.934

Max Fanout                         2806 (clk)
Min Fanout                         0 (systolic/matrix_index[3])
Average Fanout                     2.2
Terms to net ratio                 3.1852
Terms to instance ratio            3.8000
Runtime                            383.81612099999995 seconds
Elapsed Runtime                    395 seconds
Genus peak memory usage            2093.44 
Innovus peak memory usage          no_value 
Hostname                           asicfab.ecn.purdue.edu
