============================================================
  Generated by:           Genus(TM) Synthesis Solution 21.17-s066_1
  Generated on:           Apr 25 2025  09:38:48 pm
  Module:                 tpu_top
  Operating conditions:   PVT_0P9V_125C (balanced_tree)
  Wireload mode:          enclosed
  Area mode:              timing library
============================================================


Path 1: MET (608 ps) Setup Check with Pin systolic/matrix_mul_2D_reg[7][1][19]/CK->D
          Group: clk
     Startpoint: (R) systolic/data_queue_reg[7][1][1]/CK
          Clock: (R) clk
       Endpoint: (R) systolic/matrix_mul_2D_reg[7][1][19]/D
          Clock: (R) clk

                     Capture       Launch     
        Clock Edge:+    5000            0     
       Src Latency:+       0            0     
       Net Latency:+       0 (I)        0 (I) 
           Arrival:=    5000            0     
                                              
             Setup:-     121                  
       Uncertainty:-     100                  
     Required Time:=    4779                  
      Launch Clock:-       0                  
         Data Path:-    4171                  
             Slack:=     608                  

#----------------------------------------------------------------------------------------------------------------
#             Timing Point               Flags    Arc   Edge   Cell     Fanout Load Trans Delay Arrival Instance 
#                                                                              (fF)  (ps)  (ps)   (ps)  Location 
#----------------------------------------------------------------------------------------------------------------
  systolic/data_queue_reg[7][1][1]/CK    -       -      R     (arrival)   2806    -   100     0       0    (-,-) 
  systolic/data_queue_reg[7][1][1]/Q     -       CK->Q  R     DFFHQX1       10  4.0    93   265     265    (-,-) 
  systolic/mul_98_38_I8_I2_g4079/Y       -       B->Y   F     NAND2X1        2  0.5    69    95     360    (-,-) 
  systolic/mul_98_38_I8_I2_g4029/Y       -       A->Y   R     XNOR2X1        1  0.6    31   213     573    (-,-) 
  systolic/g113687/S                     -       CI->S  F     ADDFX1         1  0.2    33   260     834    (-,-) 
  systolic/g113688/Y                     -       A->Y   R     INVXL          2  0.8    41    44     878    (-,-) 
  systolic/mul_98_38_I8_I2_g3999/Y       -       B->Y   F     NAND2X1        2  0.5    64    67     945    (-,-) 
  systolic/mul_98_38_I8_I2_g3998/Y       -       AN->Y  F     NOR2BX1        1  0.4    34    84    1029    (-,-) 
  systolic/mul_98_38_I8_I2_g3991/Y       -       B->Y   R     XNOR2X1        2  1.2    43   173    1202    (-,-) 
  systolic/add_103_51_I8_I2_g1771/CO     -       B->CO  R     ADDFX1         1  0.6    39   201    1403    (-,-) 
  systolic/add_103_51_I8_I2_g1770/CO     -       CI->CO R     ADDFX1         1  0.6    39   186    1589    (-,-) 
  systolic/add_103_51_I8_I2_g1769/CO     -       CI->CO R     ADDFX1         1  0.6    39   186    1775    (-,-) 
  systolic/add_103_51_I8_I2_g1768/CO     -       CI->CO R     ADDFX1         1  0.6    39   186    1961    (-,-) 
  systolic/add_103_51_I8_I2_g1767/CO     -       CI->CO R     ADDFX1         1  0.6    39   186    2147    (-,-) 
  systolic/add_103_51_I8_I2_g1766/CO     -       CI->CO R     ADDFX1         1  0.6    39   186    2333    (-,-) 
  systolic/add_103_51_I8_I2_g1765/CO     -       CI->CO R     ADDFX1         1  0.6    39   186    2519    (-,-) 
  systolic/add_103_51_I8_I2_g1764/CO     -       CI->CO R     ADDFX1         1  0.6    39   186    2705    (-,-) 
  systolic/add_103_51_I8_I2_g1763/CO     -       CI->CO R     ADDFX1         1  0.6    39   186    2891    (-,-) 
  systolic/add_103_51_I8_I2_g1762/CO     -       CI->CO R     ADDFX1         1  0.6    39   186    3077    (-,-) 
  systolic/add_103_51_I8_I2_g1761/CO     -       CI->CO R     ADDFX1         1  0.6    39   186    3263    (-,-) 
  systolic/add_103_51_I8_I2_g1760/CO     -       CI->CO R     ADDFX1         1  0.6    39   186    3449    (-,-) 
  systolic/add_103_51_I8_I2_g1759/CO     -       CI->CO R     ADDFX1         3  1.0    47   191    3640    (-,-) 
  systolic/add_103_51_I8_I2_g1758/Y      -       B0->Y  F     OAI2BB1X1      2  0.5    66    80    3720    (-,-) 
  systolic/add_103_51_I8_I2_g1754/Y      -       B->Y   F     OR2XL          2  0.6    42   112    3832    (-,-) 
  systolic/add_103_51_I8_I2_g1753/Y      -       B->Y   F     AND2XL         1  0.4    32    70    3901    (-,-) 
  systolic/add_103_51_I8_I2_g1749/Y      -       B->Y   R     XNOR2X1        1  0.4    26   163    4065    (-,-) 
  systolic/g107739/Y                     -       B->Y   F     NAND2X1        1  0.3    65    53    4117    (-,-) 
  systolic/g107627/Y                     -       C0->Y  R     OAI211X1       1  0.3    91    54    4171    (-,-) 
  systolic/matrix_mul_2D_reg[7][1][19]/D <<<     -      R     DFFHQX1        1    -     -     0    4171    (-,-) 
#----------------------------------------------------------------------------------------------------------------

